mode: atomic
github.com/sailpoint-oss/sailpoint-cli/cmd/api/api.go:8.37,16.48 1 1
github.com/sailpoint-oss/sailpoint-cli/cmd/api/api.go:16.48,18.4 1 1
github.com/sailpoint-oss/sailpoint-cli/cmd/api/api.go:21.2,29.12 2 1
github.com/sailpoint-oss/sailpoint-cli/cmd/api/delete.go:17.36,30.55 5 1
github.com/sailpoint-oss/sailpoint-cli/cmd/api/delete.go:30.55,32.18 2 0
github.com/sailpoint-oss/sailpoint-cli/cmd/api/delete.go:32.18,34.5 1 0
github.com/sailpoint-oss/sailpoint-cli/cmd/api/delete.go:37.4,38.18 2 0
github.com/sailpoint-oss/sailpoint-cli/cmd/api/delete.go:38.18,40.5 1 0
github.com/sailpoint-oss/sailpoint-cli/cmd/api/delete.go:43.4,46.41 3 0
github.com/sailpoint-oss/sailpoint-cli/cmd/api/delete.go:46.41,48.5 1 0
github.com/sailpoint-oss/sailpoint-cli/cmd/api/delete.go:51.4,52.28 2 0
github.com/sailpoint-oss/sailpoint-cli/cmd/api/delete.go:52.28,53.39 1 0
github.com/sailpoint-oss/sailpoint-cli/cmd/api/delete.go:53.39,55.25 2 0
github.com/sailpoint-oss/sailpoint-cli/cmd/api/delete.go:55.25,57.7 1 0
github.com/sailpoint-oss/sailpoint-cli/cmd/api/delete.go:58.6,58.35 1 0
github.com/sailpoint-oss/sailpoint-cli/cmd/api/delete.go:63.4,64.39 2 0
github.com/sailpoint-oss/sailpoint-cli/cmd/api/delete.go:64.39,66.24 2 0
github.com/sailpoint-oss/sailpoint-cli/cmd/api/delete.go:66.24,68.6 1 0
github.com/sailpoint-oss/sailpoint-cli/cmd/api/delete.go:69.5,69.71 1 0
github.com/sailpoint-oss/sailpoint-cli/cmd/api/delete.go:72.4,77.18 4 0
github.com/sailpoint-oss/sailpoint-cli/cmd/api/delete.go:77.18,79.5 1 0
github.com/sailpoint-oss/sailpoint-cli/cmd/api/delete.go:80.4,84.18 3 0
github.com/sailpoint-oss/sailpoint-cli/cmd/api/delete.go:84.18,86.5 1 0
github.com/sailpoint-oss/sailpoint-cli/cmd/api/delete.go:89.4,89.44 1 0
github.com/sailpoint-oss/sailpoint-cli/cmd/api/delete.go:89.44,91.67 2 0
github.com/sailpoint-oss/sailpoint-cli/cmd/api/delete.go:91.67,93.20 2 0
github.com/sailpoint-oss/sailpoint-cli/cmd/api/delete.go:93.20,95.7 1 0
github.com/sailpoint-oss/sailpoint-cli/cmd/api/delete.go:100.4,100.49 1 0
github.com/sailpoint-oss/sailpoint-cli/cmd/api/delete.go:100.49,101.65 1 0
github.com/sailpoint-oss/sailpoint-cli/cmd/api/delete.go:101.65,103.6 1 0
github.com/sailpoint-oss/sailpoint-cli/cmd/api/delete.go:104.5,104.53 1 0
github.com/sailpoint-oss/sailpoint-cli/cmd/api/delete.go:105.10,105.36 1 0
github.com/sailpoint-oss/sailpoint-cli/cmd/api/delete.go:105.36,107.5 1 0
github.com/sailpoint-oss/sailpoint-cli/cmd/api/delete.go:109.4,110.14 2 0
github.com/sailpoint-oss/sailpoint-cli/cmd/api/delete.go:114.2,119.12 5 1
github.com/sailpoint-oss/sailpoint-cli/cmd/api/get.go:19.33,32.55 5 1
github.com/sailpoint-oss/sailpoint-cli/cmd/api/get.go:32.55,34.18 2 0
github.com/sailpoint-oss/sailpoint-cli/cmd/api/get.go:34.18,36.5 1 0
github.com/sailpoint-oss/sailpoint-cli/cmd/api/get.go:39.4,40.18 2 0
github.com/sailpoint-oss/sailpoint-cli/cmd/api/get.go:40.18,42.5 1 0
github.com/sailpoint-oss/sailpoint-cli/cmd/api/get.go:45.4,48.41 3 0
github.com/sailpoint-oss/sailpoint-cli/cmd/api/get.go:48.41,50.5 1 0
github.com/sailpoint-oss/sailpoint-cli/cmd/api/get.go:53.4,53.28 1 0
github.com/sailpoint-oss/sailpoint-cli/cmd/api/get.go:53.28,55.19 2 0
github.com/sailpoint-oss/sailpoint-cli/cmd/api/get.go:55.19,57.6 1 0
github.com/sailpoint-oss/sailpoint-cli/cmd/api/get.go:59.5,60.39 2 0
github.com/sailpoint-oss/sailpoint-cli/cmd/api/get.go:60.39,62.25 2 0
github.com/sailpoint-oss/sailpoint-cli/cmd/api/get.go:62.25,64.7 1 0
github.com/sailpoint-oss/sailpoint-cli/cmd/api/get.go:65.6,65.35 1 0
github.com/sailpoint-oss/sailpoint-cli/cmd/api/get.go:68.5,69.34 2 0
github.com/sailpoint-oss/sailpoint-cli/cmd/api/get.go:73.4,74.39 2 0
github.com/sailpoint-oss/sailpoint-cli/cmd/api/get.go:74.39,76.24 2 0
github.com/sailpoint-oss/sailpoint-cli/cmd/api/get.go:76.24,78.6 1 0
github.com/sailpoint-oss/sailpoint-cli/cmd/api/get.go:79.5,79.71 1 0
github.com/sailpoint-oss/sailpoint-cli/cmd/api/get.go:82.4,87.18 4 0
github.com/sailpoint-oss/sailpoint-cli/cmd/api/get.go:87.18,89.5 1 0
github.com/sailpoint-oss/sailpoint-cli/cmd/api/get.go:90.4,94.18 3 0
github.com/sailpoint-oss/sailpoint-cli/cmd/api/get.go:94.18,96.5 1 0
github.com/sailpoint-oss/sailpoint-cli/cmd/api/get.go:99.4,99.19 1 0
github.com/sailpoint-oss/sailpoint-cli/cmd/api/get.go:99.19,101.59 2 0
github.com/sailpoint-oss/sailpoint-cli/cmd/api/get.go:101.59,103.20 2 0
github.com/sailpoint-oss/sailpoint-cli/cmd/api/get.go:103.20,105.7 1 0
github.com/sailpoint-oss/sailpoint-cli/cmd/api/get.go:110.4,110.24 1 0
github.com/sailpoint-oss/sailpoint-cli/cmd/api/get.go:110.24,111.57 1 0
github.com/sailpoint-oss/sailpoint-cli/cmd/api/get.go:111.57,113.6 1 0
github.com/sailpoint-oss/sailpoint-cli/cmd/api/get.go:114.5,114.53 1 0
github.com/sailpoint-oss/sailpoint-cli/cmd/api/get.go:115.10,117.5 1 0
github.com/sailpoint-oss/sailpoint-cli/cmd/api/get.go:119.4,120.14 2 0
github.com/sailpoint-oss/sailpoint-cli/cmd/api/get.go:124.2,129.12 5 1
github.com/sailpoint-oss/sailpoint-cli/cmd/api/get.go:133.54,135.2 1 0
github.com/sailpoint-oss/sailpoint-cli/cmd/api/patch.go:18.35,32.55 6 1
github.com/sailpoint-oss/sailpoint-cli/cmd/api/patch.go:32.55,34.18 2 0
github.com/sailpoint-oss/sailpoint-cli/cmd/api/patch.go:34.18,36.5 1 0
github.com/sailpoint-oss/sailpoint-cli/cmd/api/patch.go:39.4,40.18 2 0
github.com/sailpoint-oss/sailpoint-cli/cmd/api/patch.go:40.18,42.5 1 0
github.com/sailpoint-oss/sailpoint-cli/cmd/api/patch.go:45.4,48.41 3 0
github.com/sailpoint-oss/sailpoint-cli/cmd/api/patch.go:48.41,50.5 1 0
github.com/sailpoint-oss/sailpoint-cli/cmd/api/patch.go:53.4,54.22 2 0
github.com/sailpoint-oss/sailpoint-cli/cmd/api/patch.go:54.22,56.19 2 0
github.com/sailpoint-oss/sailpoint-cli/cmd/api/patch.go:56.19,58.6 1 0
github.com/sailpoint-oss/sailpoint-cli/cmd/api/patch.go:59.5,59.43 1 0
github.com/sailpoint-oss/sailpoint-cli/cmd/api/patch.go:60.10,60.32 1 0
github.com/sailpoint-oss/sailpoint-cli/cmd/api/patch.go:60.32,62.5 1 0
github.com/sailpoint-oss/sailpoint-cli/cmd/api/patch.go:62.10,64.5 1 0
github.com/sailpoint-oss/sailpoint-cli/cmd/api/patch.go:67.4,68.39 2 0
github.com/sailpoint-oss/sailpoint-cli/cmd/api/patch.go:68.39,70.24 2 0
github.com/sailpoint-oss/sailpoint-cli/cmd/api/patch.go:70.24,72.6 1 0
github.com/sailpoint-oss/sailpoint-cli/cmd/api/patch.go:73.5,73.71 1 0
github.com/sailpoint-oss/sailpoint-cli/cmd/api/patch.go:76.4,81.18 4 0
github.com/sailpoint-oss/sailpoint-cli/cmd/api/patch.go:81.18,83.5 1 0
github.com/sailpoint-oss/sailpoint-cli/cmd/api/patch.go:84.4,88.18 3 0
github.com/sailpoint-oss/sailpoint-cli/cmd/api/patch.go:88.18,90.5 1 0
github.com/sailpoint-oss/sailpoint-cli/cmd/api/patch.go:93.4,93.19 1 0
github.com/sailpoint-oss/sailpoint-cli/cmd/api/patch.go:93.19,95.67 2 0
github.com/sailpoint-oss/sailpoint-cli/cmd/api/patch.go:95.67,97.20 2 0
github.com/sailpoint-oss/sailpoint-cli/cmd/api/patch.go:97.20,99.7 1 0
github.com/sailpoint-oss/sailpoint-cli/cmd/api/patch.go:104.4,104.24 1 0
github.com/sailpoint-oss/sailpoint-cli/cmd/api/patch.go:104.24,105.65 1 0
github.com/sailpoint-oss/sailpoint-cli/cmd/api/patch.go:105.65,107.6 1 0
github.com/sailpoint-oss/sailpoint-cli/cmd/api/patch.go:108.5,108.53 1 0
github.com/sailpoint-oss/sailpoint-cli/cmd/api/patch.go:109.10,111.5 1 0
github.com/sailpoint-oss/sailpoint-cli/cmd/api/patch.go:113.4,114.14 2 0
github.com/sailpoint-oss/sailpoint-cli/cmd/api/patch.go:118.2,124.12 6 1
github.com/sailpoint-oss/sailpoint-cli/cmd/api/post.go:18.34,33.55 7 1
github.com/sailpoint-oss/sailpoint-cli/cmd/api/post.go:33.55,35.18 2 0
github.com/sailpoint-oss/sailpoint-cli/cmd/api/post.go:35.18,37.5 1 0
github.com/sailpoint-oss/sailpoint-cli/cmd/api/post.go:40.4,41.18 2 0
github.com/sailpoint-oss/sailpoint-cli/cmd/api/post.go:41.18,43.5 1 0
github.com/sailpoint-oss/sailpoint-cli/cmd/api/post.go:46.4,49.41 3 0
github.com/sailpoint-oss/sailpoint-cli/cmd/api/post.go:49.41,51.5 1 0
github.com/sailpoint-oss/sailpoint-cli/cmd/api/post.go:54.4,55.22 2 0
github.com/sailpoint-oss/sailpoint-cli/cmd/api/post.go:55.22,57.19 2 0
github.com/sailpoint-oss/sailpoint-cli/cmd/api/post.go:57.19,59.6 1 0
github.com/sailpoint-oss/sailpoint-cli/cmd/api/post.go:60.5,60.43 1 0
github.com/sailpoint-oss/sailpoint-cli/cmd/api/post.go:61.10,61.32 1 0
github.com/sailpoint-oss/sailpoint-cli/cmd/api/post.go:61.32,63.5 1 0
github.com/sailpoint-oss/sailpoint-cli/cmd/api/post.go:63.10,65.5 1 0
github.com/sailpoint-oss/sailpoint-cli/cmd/api/post.go:67.4,67.25 1 0
github.com/sailpoint-oss/sailpoint-cli/cmd/api/post.go:67.25,69.5 1 0
github.com/sailpoint-oss/sailpoint-cli/cmd/api/post.go:72.4,73.39 2 0
github.com/sailpoint-oss/sailpoint-cli/cmd/api/post.go:73.39,75.24 2 0
github.com/sailpoint-oss/sailpoint-cli/cmd/api/post.go:75.24,77.6 1 0
github.com/sailpoint-oss/sailpoint-cli/cmd/api/post.go:78.5,78.71 1 0
github.com/sailpoint-oss/sailpoint-cli/cmd/api/post.go:81.4,86.18 4 0
github.com/sailpoint-oss/sailpoint-cli/cmd/api/post.go:86.18,88.5 1 0
github.com/sailpoint-oss/sailpoint-cli/cmd/api/post.go:89.4,93.18 3 0
github.com/sailpoint-oss/sailpoint-cli/cmd/api/post.go:93.18,95.5 1 0
github.com/sailpoint-oss/sailpoint-cli/cmd/api/post.go:98.4,98.19 1 0
github.com/sailpoint-oss/sailpoint-cli/cmd/api/post.go:98.19,100.67 2 0
github.com/sailpoint-oss/sailpoint-cli/cmd/api/post.go:100.67,102.20 2 0
github.com/sailpoint-oss/sailpoint-cli/cmd/api/post.go:102.20,104.7 1 0
github.com/sailpoint-oss/sailpoint-cli/cmd/api/post.go:109.4,109.24 1 0
github.com/sailpoint-oss/sailpoint-cli/cmd/api/post.go:109.24,110.65 1 0
github.com/sailpoint-oss/sailpoint-cli/cmd/api/post.go:110.65,112.6 1 0
github.com/sailpoint-oss/sailpoint-cli/cmd/api/post.go:113.5,113.53 1 0
github.com/sailpoint-oss/sailpoint-cli/cmd/api/post.go:114.10,116.5 1 0
github.com/sailpoint-oss/sailpoint-cli/cmd/api/post.go:118.4,119.14 2 0
github.com/sailpoint-oss/sailpoint-cli/cmd/api/post.go:123.2,130.12 7 1
github.com/sailpoint-oss/sailpoint-cli/cmd/api/put.go:18.33,33.55 7 1
github.com/sailpoint-oss/sailpoint-cli/cmd/api/put.go:33.55,35.18 2 0
github.com/sailpoint-oss/sailpoint-cli/cmd/api/put.go:35.18,37.5 1 0
github.com/sailpoint-oss/sailpoint-cli/cmd/api/put.go:40.4,41.18 2 0
github.com/sailpoint-oss/sailpoint-cli/cmd/api/put.go:41.18,43.5 1 0
github.com/sailpoint-oss/sailpoint-cli/cmd/api/put.go:46.4,49.41 3 0
github.com/sailpoint-oss/sailpoint-cli/cmd/api/put.go:49.41,51.5 1 0
github.com/sailpoint-oss/sailpoint-cli/cmd/api/put.go:54.4,55.22 2 0
github.com/sailpoint-oss/sailpoint-cli/cmd/api/put.go:55.22,57.19 2 0
github.com/sailpoint-oss/sailpoint-cli/cmd/api/put.go:57.19,59.6 1 0
github.com/sailpoint-oss/sailpoint-cli/cmd/api/put.go:60.5,60.43 1 0
github.com/sailpoint-oss/sailpoint-cli/cmd/api/put.go:61.10,61.32 1 0
github.com/sailpoint-oss/sailpoint-cli/cmd/api/put.go:61.32,63.5 1 0
github.com/sailpoint-oss/sailpoint-cli/cmd/api/put.go:63.10,65.5 1 0
github.com/sailpoint-oss/sailpoint-cli/cmd/api/put.go:67.4,67.25 1 0
github.com/sailpoint-oss/sailpoint-cli/cmd/api/put.go:67.25,69.5 1 0
github.com/sailpoint-oss/sailpoint-cli/cmd/api/put.go:72.4,73.39 2 0
github.com/sailpoint-oss/sailpoint-cli/cmd/api/put.go:73.39,75.24 2 0
github.com/sailpoint-oss/sailpoint-cli/cmd/api/put.go:75.24,77.6 1 0
github.com/sailpoint-oss/sailpoint-cli/cmd/api/put.go:78.5,78.71 1 0
github.com/sailpoint-oss/sailpoint-cli/cmd/api/put.go:81.4,86.18 4 0
github.com/sailpoint-oss/sailpoint-cli/cmd/api/put.go:86.18,88.5 1 0
github.com/sailpoint-oss/sailpoint-cli/cmd/api/put.go:89.4,93.18 3 0
github.com/sailpoint-oss/sailpoint-cli/cmd/api/put.go:93.18,95.5 1 0
github.com/sailpoint-oss/sailpoint-cli/cmd/api/put.go:98.4,98.19 1 0
github.com/sailpoint-oss/sailpoint-cli/cmd/api/put.go:98.19,100.67 2 0
github.com/sailpoint-oss/sailpoint-cli/cmd/api/put.go:100.67,102.20 2 0
github.com/sailpoint-oss/sailpoint-cli/cmd/api/put.go:102.20,104.7 1 0
github.com/sailpoint-oss/sailpoint-cli/cmd/api/put.go:109.4,109.24 1 0
github.com/sailpoint-oss/sailpoint-cli/cmd/api/put.go:109.24,110.65 1 0
github.com/sailpoint-oss/sailpoint-cli/cmd/api/put.go:110.65,112.6 1 0
github.com/sailpoint-oss/sailpoint-cli/cmd/api/put.go:113.5,113.53 1 0
github.com/sailpoint-oss/sailpoint-cli/cmd/api/put.go:114.10,116.5 1 0
github.com/sailpoint-oss/sailpoint-cli/cmd/api/put.go:118.4,119.14 2 0
github.com/sailpoint-oss/sailpoint-cli/cmd/api/put.go:123.2,130.12 7 1
github.com/sailpoint-oss/sailpoint-cli/internal/config/config.go:61.43,63.2 1 0
github.com/sailpoint-oss/sailpoint-cli/internal/config/config.go:65.43,67.2 1 0
github.com/sailpoint-oss/sailpoint-cli/internal/config/config.go:69.43,71.2 1 0
github.com/sailpoint-oss/sailpoint-cli/internal/config/config.go:73.68,75.2 1 0
github.com/sailpoint-oss/sailpoint-cli/internal/config/config.go:77.68,79.2 1 0
github.com/sailpoint-oss/sailpoint-cli/internal/config/config.go:81.68,83.2 1 0
github.com/sailpoint-oss/sailpoint-cli/internal/config/config.go:85.47,87.2 1 0
github.com/sailpoint-oss/sailpoint-cli/internal/config/config.go:89.27,91.2 1 0
github.com/sailpoint-oss/sailpoint-cli/internal/config/config.go:93.35,95.2 1 0
github.com/sailpoint-oss/sailpoint-cli/internal/config/config.go:97.22,99.2 1 0
github.com/sailpoint-oss/sailpoint-cli/internal/config/config.go:101.27,103.2 1 0
github.com/sailpoint-oss/sailpoint-cli/internal/config/config.go:105.36,107.2 1 0
github.com/sailpoint-oss/sailpoint-cli/internal/config/config.go:109.45,111.2 1 0
github.com/sailpoint-oss/sailpoint-cli/internal/config/config.go:113.25,116.16 2 0
github.com/sailpoint-oss/sailpoint-cli/internal/config/config.go:116.16,118.3 1 0
github.com/sailpoint-oss/sailpoint-cli/internal/config/config.go:120.2,134.45 12 0
github.com/sailpoint-oss/sailpoint-cli/internal/config/config.go:134.45,135.55 1 0
github.com/sailpoint-oss/sailpoint-cli/internal/config/config.go:135.56,138.4 0 0
github.com/sailpoint-oss/sailpoint-cli/internal/config/config.go:138.9,141.4 1 0
github.com/sailpoint-oss/sailpoint-cli/internal/config/config.go:144.2,144.16 1 0
github.com/sailpoint-oss/sailpoint-cli/internal/config/config.go:144.16,147.3 2 0
github.com/sailpoint-oss/sailpoint-cli/internal/config/config.go:149.2,149.12 1 0
github.com/sailpoint-oss/sailpoint-cli/internal/config/config.go:152.69,156.16 3 0
github.com/sailpoint-oss/sailpoint-cli/internal/config/config.go:156.16,158.3 1 0
github.com/sailpoint-oss/sailpoint-cli/internal/config/config.go:160.2,161.16 2 0
github.com/sailpoint-oss/sailpoint-cli/internal/config/config.go:161.16,163.3 1 0
github.com/sailpoint-oss/sailpoint-cli/internal/config/config.go:165.2,167.18 2 0
github.com/sailpoint-oss/sailpoint-cli/internal/config/config.go:167.18,169.3 1 0
github.com/sailpoint-oss/sailpoint-cli/internal/config/config.go:171.2,172.16 2 0
github.com/sailpoint-oss/sailpoint-cli/internal/config/config.go:172.16,181.3 4 0
github.com/sailpoint-oss/sailpoint-cli/internal/config/config.go:181.8,185.3 3 0
github.com/sailpoint-oss/sailpoint-cli/internal/config/config.go:187.2,187.23 1 0
github.com/sailpoint-oss/sailpoint-cli/internal/config/config.go:190.43,194.16 3 0
github.com/sailpoint-oss/sailpoint-cli/internal/config/config.go:194.16,196.3 1 0
github.com/sailpoint-oss/sailpoint-cli/internal/config/config.go:198.2,200.32 2 0
github.com/sailpoint-oss/sailpoint-cli/internal/config/config.go:200.32,202.3 1 0
github.com/sailpoint-oss/sailpoint-cli/internal/config/config.go:204.2,206.12 2 0
github.com/sailpoint-oss/sailpoint-cli/internal/config/config.go:209.42,211.2 1 0
github.com/sailpoint-oss/sailpoint-cli/internal/config/config.go:213.53,216.16 3 0
github.com/sailpoint-oss/sailpoint-cli/internal/config/config.go:216.16,218.3 1 0
github.com/sailpoint-oss/sailpoint-cli/internal/config/config.go:219.2,219.24 1 0
github.com/sailpoint-oss/sailpoint-cli/internal/config/config.go:222.37,227.16 3 0
github.com/sailpoint-oss/sailpoint-cli/internal/config/config.go:227.16,229.3 1 0
github.com/sailpoint-oss/sailpoint-cli/internal/config/config.go:231.2,232.16 2 0
github.com/sailpoint-oss/sailpoint-cli/internal/config/config.go:232.16,234.3 1 0
github.com/sailpoint-oss/sailpoint-cli/internal/config/config.go:236.2,236.23 1 0
github.com/sailpoint-oss/sailpoint-cli/internal/config/config.go:238.13,242.35 2 0
github.com/sailpoint-oss/sailpoint-cli/internal/config/config.go:242.35,245.18 2 0
github.com/sailpoint-oss/sailpoint-cli/internal/config/config.go:245.18,247.5 1 0
github.com/sailpoint-oss/sailpoint-cli/internal/config/config.go:249.4,249.21 1 0
github.com/sailpoint-oss/sailpoint-cli/internal/config/config.go:251.9,254.18 2 0
github.com/sailpoint-oss/sailpoint-cli/internal/config/config.go:254.18,256.5 1 0
github.com/sailpoint-oss/sailpoint-cli/internal/config/config.go:258.4,261.17 2 0
github.com/sailpoint-oss/sailpoint-cli/internal/config/config.go:268.15,273.35 3 0
github.com/sailpoint-oss/sailpoint-cli/internal/config/config.go:273.35,276.18 2 0
github.com/sailpoint-oss/sailpoint-cli/internal/config/config.go:276.18,278.5 1 0
github.com/sailpoint-oss/sailpoint-cli/internal/config/config.go:280.4,280.21 1 0
github.com/sailpoint-oss/sailpoint-cli/internal/config/config.go:282.9,282.45 1 0
github.com/sailpoint-oss/sailpoint-cli/internal/config/config.go:282.45,285.18 2 0
github.com/sailpoint-oss/sailpoint-cli/internal/config/config.go:285.18,287.5 1 0
github.com/sailpoint-oss/sailpoint-cli/internal/config/config.go:289.4,292.19 2 0
github.com/sailpoint-oss/sailpoint-cli/internal/config/config.go:297.9,300.18 2 0
github.com/sailpoint-oss/sailpoint-cli/internal/config/config.go:300.18,302.5 1 0
github.com/sailpoint-oss/sailpoint-cli/internal/config/config.go:304.4,307.19 2 0
github.com/sailpoint-oss/sailpoint-cli/internal/config/config.go:314.10,315.58 1 0
github.com/sailpoint-oss/sailpoint-cli/internal/config/config.go:318.2,319.16 2 0
github.com/sailpoint-oss/sailpoint-cli/internal/config/config.go:319.16,321.3 1 0
github.com/sailpoint-oss/sailpoint-cli/internal/config/config.go:323.2,323.19 1 0
github.com/sailpoint-oss/sailpoint-cli/internal/config/config.go:326.39,328.2 1 0
github.com/sailpoint-oss/sailpoint-cli/internal/config/config.go:330.26,332.22 2 0
github.com/sailpoint-oss/sailpoint-cli/internal/config/config.go:332.22,334.3 1 0
github.com/sailpoint-oss/sailpoint-cli/internal/config/config.go:334.8,336.3 1 0
github.com/sailpoint-oss/sailpoint-cli/internal/config/config.go:339.28,341.2 1 0
github.com/sailpoint-oss/sailpoint-cli/internal/config/config.go:343.33,345.2 1 0
github.com/sailpoint-oss/sailpoint-cli/internal/config/config.go:347.37,349.2 1 0
github.com/sailpoint-oss/sailpoint-cli/internal/config/config.go:351.40,353.2 1 0
github.com/sailpoint-oss/sailpoint-cli/internal/config/config.go:355.27,357.2 1 0
github.com/sailpoint-oss/sailpoint-cli/internal/config/config.go:359.31,361.2 1 0
github.com/sailpoint-oss/sailpoint-cli/internal/config/config.go:363.37,367.16 3 0
github.com/sailpoint-oss/sailpoint-cli/internal/config/config.go:367.16,369.3 1 0
github.com/sailpoint-oss/sailpoint-cli/internal/config/config.go:370.2,370.20 1 0
github.com/sailpoint-oss/sailpoint-cli/internal/config/config.go:373.25,375.16 2 0
github.com/sailpoint-oss/sailpoint-cli/internal/config/config.go:375.16,377.3 1 0
github.com/sailpoint-oss/sailpoint-cli/internal/config/config.go:379.2,379.78 1 0
github.com/sailpoint-oss/sailpoint-cli/internal/config/config.go:379.78,381.17 2 0
github.com/sailpoint-oss/sailpoint-cli/internal/config/config.go:381.17,383.4 1 0
github.com/sailpoint-oss/sailpoint-cli/internal/config/config.go:386.2,387.16 2 0
github.com/sailpoint-oss/sailpoint-cli/internal/config/config.go:387.16,388.55 1 0
github.com/sailpoint-oss/sailpoint-cli/internal/config/config.go:388.55,390.18 2 0
github.com/sailpoint-oss/sailpoint-cli/internal/config/config.go:390.18,392.5 1 0
github.com/sailpoint-oss/sailpoint-cli/internal/config/config.go:393.9,395.4 1 0
github.com/sailpoint-oss/sailpoint-cli/internal/config/config.go:397.2,397.12 1 0
github.com/sailpoint-oss/sailpoint-cli/internal/config/config.go:400.32,403.43 3 0
github.com/sailpoint-oss/sailpoint-cli/internal/config/config.go:403.43,405.3 1 0
github.com/sailpoint-oss/sailpoint-cli/internal/config/config.go:405.8,407.3 1 0
github.com/sailpoint-oss/sailpoint-cli/internal/config/config.go:410.23,416.18 4 0
github.com/sailpoint-oss/sailpoint-cli/internal/config/config.go:418.13,420.23 1 0
github.com/sailpoint-oss/sailpoint-cli/internal/config/config.go:420.23,422.4 1 0
github.com/sailpoint-oss/sailpoint-cli/internal/config/config.go:424.3,424.25 1 0
github.com/sailpoint-oss/sailpoint-cli/internal/config/config.go:424.25,427.4 2 0
github.com/sailpoint-oss/sailpoint-cli/internal/config/config.go:429.3,430.17 2 0
github.com/sailpoint-oss/sailpoint-cli/internal/config/config.go:430.17,432.4 1 0
github.com/sailpoint-oss/sailpoint-cli/internal/config/config.go:433.3,434.17 2 0
github.com/sailpoint-oss/sailpoint-cli/internal/config/config.go:434.17,436.4 1 0
github.com/sailpoint-oss/sailpoint-cli/internal/config/config.go:438.3,438.24 1 0
github.com/sailpoint-oss/sailpoint-cli/internal/config/config.go:438.24,441.4 2 0
github.com/sailpoint-oss/sailpoint-cli/internal/config/config.go:443.3,443.28 1 0
github.com/sailpoint-oss/sailpoint-cli/internal/config/config.go:443.28,446.4 2 0
github.com/sailpoint-oss/sailpoint-cli/internal/config/config.go:448.15,450.23 1 0
github.com/sailpoint-oss/sailpoint-cli/internal/config/config.go:450.23,452.4 1 0
github.com/sailpoint-oss/sailpoint-cli/internal/config/config.go:454.3,454.25 1 0
github.com/sailpoint-oss/sailpoint-cli/internal/config/config.go:454.25,457.4 2 0
github.com/sailpoint-oss/sailpoint-cli/internal/config/config.go:459.3,459.27 1 0
github.com/sailpoint-oss/sailpoint-cli/internal/config/config.go:459.27,462.4 2 0
github.com/sailpoint-oss/sailpoint-cli/internal/config/config.go:464.10,467.11 2 0
github.com/sailpoint-oss/sailpoint-cli/internal/config/config.go:471.2,471.16 1 0
github.com/sailpoint-oss/sailpoint-cli/internal/config/config.go:471.16,473.3 1 0
github.com/sailpoint-oss/sailpoint-cli/internal/config/config.go:475.2,475.12 1 0
github.com/sailpoint-oss/sailpoint-cli/internal/config/oauth.go:46.41,47.15 1 0
github.com/sailpoint-oss/sailpoint-cli/internal/config/oauth.go:47.15,49.17 2 0
github.com/sailpoint-oss/sailpoint-cli/internal/config/oauth.go:49.17,51.4 1 0
github.com/sailpoint-oss/sailpoint-cli/internal/config/oauth.go:52.3,52.13 1 0
github.com/sailpoint-oss/sailpoint-cli/internal/config/oauth.go:53.8,55.17 2 0
github.com/sailpoint-oss/sailpoint-cli/internal/config/oauth.go:55.17,57.4 1 0
github.com/sailpoint-oss/sailpoint-cli/internal/config/oauth.go:58.3,58.13 1 0
github.com/sailpoint-oss/sailpoint-cli/internal/config/oauth.go:62.38,64.16 2 0
github.com/sailpoint-oss/sailpoint-cli/internal/config/oauth.go:64.16,66.3 1 0
github.com/sailpoint-oss/sailpoint-cli/internal/config/oauth.go:67.2,67.19 1 0
github.com/sailpoint-oss/sailpoint-cli/internal/config/oauth.go:70.40,72.16 2 0
github.com/sailpoint-oss/sailpoint-cli/internal/config/oauth.go:72.16,74.3 1 0
github.com/sailpoint-oss/sailpoint-cli/internal/config/oauth.go:75.2,75.12 1 0
github.com/sailpoint-oss/sailpoint-cli/internal/config/oauth.go:78.47,79.15 1 0
github.com/sailpoint-oss/sailpoint-cli/internal/config/oauth.go:79.15,81.17 2 0
github.com/sailpoint-oss/sailpoint-cli/internal/config/oauth.go:81.17,83.4 1 0
github.com/sailpoint-oss/sailpoint-cli/internal/config/oauth.go:84.3,84.13 1 0
github.com/sailpoint-oss/sailpoint-cli/internal/config/oauth.go:85.8,87.17 2 0
github.com/sailpoint-oss/sailpoint-cli/internal/config/oauth.go:87.17,89.4 1 0
github.com/sailpoint-oss/sailpoint-cli/internal/config/oauth.go:90.3,90.13 1 0
github.com/sailpoint-oss/sailpoint-cli/internal/config/oauth.go:94.47,97.16 3 0
github.com/sailpoint-oss/sailpoint-cli/internal/config/oauth.go:97.16,99.3 1 0
github.com/sailpoint-oss/sailpoint-cli/internal/config/oauth.go:101.2,102.16 2 0
github.com/sailpoint-oss/sailpoint-cli/internal/config/oauth.go:102.16,104.3 1 0
github.com/sailpoint-oss/sailpoint-cli/internal/config/oauth.go:106.2,106.23 1 0
github.com/sailpoint-oss/sailpoint-cli/internal/config/oauth.go:109.50,111.16 2 0
github.com/sailpoint-oss/sailpoint-cli/internal/config/oauth.go:111.16,113.3 1 0
github.com/sailpoint-oss/sailpoint-cli/internal/config/oauth.go:114.2,114.12 1 0
github.com/sailpoint-oss/sailpoint-cli/internal/config/oauth.go:117.43,118.15 1 0
github.com/sailpoint-oss/sailpoint-cli/internal/config/oauth.go:118.15,120.17 2 0
github.com/sailpoint-oss/sailpoint-cli/internal/config/oauth.go:120.17,122.4 1 0
github.com/sailpoint-oss/sailpoint-cli/internal/config/oauth.go:123.3,123.13 1 0
github.com/sailpoint-oss/sailpoint-cli/internal/config/oauth.go:124.8,126.17 2 0
github.com/sailpoint-oss/sailpoint-cli/internal/config/oauth.go:126.17,128.4 1 0
github.com/sailpoint-oss/sailpoint-cli/internal/config/oauth.go:129.3,129.13 1 0
github.com/sailpoint-oss/sailpoint-cli/internal/config/oauth.go:133.40,136.16 2 0
github.com/sailpoint-oss/sailpoint-cli/internal/config/oauth.go:136.16,138.3 1 0
github.com/sailpoint-oss/sailpoint-cli/internal/config/oauth.go:140.2,140.19 1 0
github.com/sailpoint-oss/sailpoint-cli/internal/config/oauth.go:143.42,146.16 2 0
github.com/sailpoint-oss/sailpoint-cli/internal/config/oauth.go:146.16,148.3 1 0
github.com/sailpoint-oss/sailpoint-cli/internal/config/oauth.go:150.2,150.12 1 0
github.com/sailpoint-oss/sailpoint-cli/internal/config/oauth.go:154.49,155.15 1 0
github.com/sailpoint-oss/sailpoint-cli/internal/config/oauth.go:155.15,157.17 2 0
github.com/sailpoint-oss/sailpoint-cli/internal/config/oauth.go:157.17,159.4 1 0
github.com/sailpoint-oss/sailpoint-cli/internal/config/oauth.go:160.3,160.13 1 0
github.com/sailpoint-oss/sailpoint-cli/internal/config/oauth.go:161.8,163.17 2 0
github.com/sailpoint-oss/sailpoint-cli/internal/config/oauth.go:163.17,165.4 1 0
github.com/sailpoint-oss/sailpoint-cli/internal/config/oauth.go:166.3,166.13 1 0
github.com/sailpoint-oss/sailpoint-cli/internal/config/oauth.go:170.49,174.16 3 0
github.com/sailpoint-oss/sailpoint-cli/internal/config/oauth.go:174.16,176.3 1 0
github.com/sailpoint-oss/sailpoint-cli/internal/config/oauth.go:178.2,179.16 2 0
github.com/sailpoint-oss/sailpoint-cli/internal/config/oauth.go:179.16,181.3 1 0
github.com/sailpoint-oss/sailpoint-cli/internal/config/oauth.go:183.2,183.23 1 0
github.com/sailpoint-oss/sailpoint-cli/internal/config/oauth.go:187.52,190.16 2 0
github.com/sailpoint-oss/sailpoint-cli/internal/config/oauth.go:190.16,192.3 1 0
github.com/sailpoint-oss/sailpoint-cli/internal/config/oauth.go:194.2,194.12 1 0
github.com/sailpoint-oss/sailpoint-cli/internal/config/oauth.go:213.30,215.16 2 0
github.com/sailpoint-oss/sailpoint-cli/internal/config/oauth.go:215.16,217.3 1 0
github.com/sailpoint-oss/sailpoint-cli/internal/config/oauth.go:219.2,220.16 2 0
github.com/sailpoint-oss/sailpoint-cli/internal/config/oauth.go:220.16,222.3 1 0
github.com/sailpoint-oss/sailpoint-cli/internal/config/oauth.go:224.2,225.16 2 0
github.com/sailpoint-oss/sailpoint-cli/internal/config/oauth.go:225.16,227.3 1 0
github.com/sailpoint-oss/sailpoint-cli/internal/config/oauth.go:229.2,230.16 2 0
github.com/sailpoint-oss/sailpoint-cli/internal/config/oauth.go:230.16,232.3 1 0
github.com/sailpoint-oss/sailpoint-cli/internal/config/oauth.go:234.2,234.12 1 0
github.com/sailpoint-oss/sailpoint-cli/internal/config/oauth.go:237.37,241.16 3 0
github.com/sailpoint-oss/sailpoint-cli/internal/config/oauth.go:241.16,243.3 1 0
github.com/sailpoint-oss/sailpoint-cli/internal/config/oauth.go:245.2,246.16 2 0
github.com/sailpoint-oss/sailpoint-cli/internal/config/oauth.go:246.16,248.3 1 0
github.com/sailpoint-oss/sailpoint-cli/internal/config/oauth.go:250.2,251.16 2 0
github.com/sailpoint-oss/sailpoint-cli/internal/config/oauth.go:251.16,253.3 1 0
github.com/sailpoint-oss/sailpoint-cli/internal/config/oauth.go:255.2,256.16 2 0
github.com/sailpoint-oss/sailpoint-cli/internal/config/oauth.go:256.16,258.3 1 0
github.com/sailpoint-oss/sailpoint-cli/internal/config/oauth.go:260.2,260.12 1 0
github.com/sailpoint-oss/sailpoint-cli/internal/config/oauth.go:263.62,271.16 4 0
github.com/sailpoint-oss/sailpoint-cli/internal/config/oauth.go:271.16,274.3 2 0
github.com/sailpoint-oss/sailpoint-cli/internal/config/oauth.go:276.2,285.16 6 0
github.com/sailpoint-oss/sailpoint-cli/internal/config/oauth.go:285.16,287.3 1 0
github.com/sailpoint-oss/sailpoint-cli/internal/config/oauth.go:287.8,289.34 2 0
github.com/sailpoint-oss/sailpoint-cli/internal/config/oauth.go:289.34,291.4 1 0
github.com/sailpoint-oss/sailpoint-cli/internal/config/oauth.go:294.2,296.16 3 0
github.com/sailpoint-oss/sailpoint-cli/internal/config/oauth.go:296.16,299.3 2 0
github.com/sailpoint-oss/sailpoint-cli/internal/config/oauth.go:300.2,304.16 4 0
github.com/sailpoint-oss/sailpoint-cli/internal/config/oauth.go:304.16,307.3 2 0
github.com/sailpoint-oss/sailpoint-cli/internal/config/oauth.go:308.2,317.45 6 0
github.com/sailpoint-oss/sailpoint-cli/internal/config/oauth.go:317.45,319.3 1 0
github.com/sailpoint-oss/sailpoint-cli/internal/config/oauth.go:322.37,347.16 9 0
github.com/sailpoint-oss/sailpoint-cli/internal/config/oauth.go:347.16,350.3 2 0
github.com/sailpoint-oss/sailpoint-cli/internal/config/oauth.go:352.2,358.12 5 0
github.com/sailpoint-oss/sailpoint-cli/internal/config/oauth.go:358.12,361.3 2 0
github.com/sailpoint-oss/sailpoint-cli/internal/config/oauth.go:363.2,365.24 2 0
github.com/sailpoint-oss/sailpoint-cli/internal/config/oauth.go:365.24,367.3 1 0
github.com/sailpoint-oss/sailpoint-cli/internal/config/oauth.go:369.2,369.22 1 0
github.com/sailpoint-oss/sailpoint-cli/internal/config/oauth.go:372.39,377.16 4 0
github.com/sailpoint-oss/sailpoint-cli/internal/config/oauth.go:377.16,379.3 1 0
github.com/sailpoint-oss/sailpoint-cli/internal/config/oauth.go:381.2,382.16 2 0
github.com/sailpoint-oss/sailpoint-cli/internal/config/oauth.go:382.16,384.3 1 0
github.com/sailpoint-oss/sailpoint-cli/internal/config/oauth.go:386.2,387.16 2 0
github.com/sailpoint-oss/sailpoint-cli/internal/config/oauth.go:387.16,389.3 1 0
github.com/sailpoint-oss/sailpoint-cli/internal/config/oauth.go:391.2,392.16 2 0
github.com/sailpoint-oss/sailpoint-cli/internal/config/oauth.go:392.16,394.3 1 0
github.com/sailpoint-oss/sailpoint-cli/internal/config/oauth.go:396.2,398.16 3 0
github.com/sailpoint-oss/sailpoint-cli/internal/config/oauth.go:398.16,400.3 1 0
github.com/sailpoint-oss/sailpoint-cli/internal/config/oauth.go:401.2,405.16 4 0
github.com/sailpoint-oss/sailpoint-cli/internal/config/oauth.go:405.16,407.3 1 0
github.com/sailpoint-oss/sailpoint-cli/internal/config/oauth.go:408.2,412.17 3 0
github.com/sailpoint-oss/sailpoint-cli/internal/config/pat.go:36.28,39.31 2 0
github.com/sailpoint-oss/sailpoint-cli/internal/config/pat.go:39.31,42.17 2 0
github.com/sailpoint-oss/sailpoint-cli/internal/config/pat.go:42.17,44.4 1 0
github.com/sailpoint-oss/sailpoint-cli/internal/config/pat.go:47.2,48.36 2 0
github.com/sailpoint-oss/sailpoint-cli/internal/config/pat.go:48.36,50.17 2 0
github.com/sailpoint-oss/sailpoint-cli/internal/config/pat.go:50.17,52.4 1 0
github.com/sailpoint-oss/sailpoint-cli/internal/config/pat.go:55.2,55.12 1 0
github.com/sailpoint-oss/sailpoint-cli/internal/config/pat.go:58.33,62.16 3 0
github.com/sailpoint-oss/sailpoint-cli/internal/config/pat.go:62.16,64.3 1 0
github.com/sailpoint-oss/sailpoint-cli/internal/config/pat.go:66.2,67.16 2 0
github.com/sailpoint-oss/sailpoint-cli/internal/config/pat.go:67.16,69.3 1 0
github.com/sailpoint-oss/sailpoint-cli/internal/config/pat.go:71.2,71.12 1 0
github.com/sailpoint-oss/sailpoint-cli/internal/config/pat.go:74.39,75.15 1 0
github.com/sailpoint-oss/sailpoint-cli/internal/config/pat.go:75.15,77.17 2 0
github.com/sailpoint-oss/sailpoint-cli/internal/config/pat.go:77.17,79.4 1 0
github.com/sailpoint-oss/sailpoint-cli/internal/config/pat.go:80.3,80.13 1 0
github.com/sailpoint-oss/sailpoint-cli/internal/config/pat.go:81.8,83.17 2 0
github.com/sailpoint-oss/sailpoint-cli/internal/config/pat.go:83.17,85.4 1 0
github.com/sailpoint-oss/sailpoint-cli/internal/config/pat.go:86.3,86.13 1 0
github.com/sailpoint-oss/sailpoint-cli/internal/config/pat.go:90.36,92.16 2 0
github.com/sailpoint-oss/sailpoint-cli/internal/config/pat.go:92.16,94.3 1 0
github.com/sailpoint-oss/sailpoint-cli/internal/config/pat.go:95.2,95.19 1 0
github.com/sailpoint-oss/sailpoint-cli/internal/config/pat.go:98.38,100.16 2 0
github.com/sailpoint-oss/sailpoint-cli/internal/config/pat.go:100.16,102.3 1 0
github.com/sailpoint-oss/sailpoint-cli/internal/config/pat.go:103.2,103.12 1 0
github.com/sailpoint-oss/sailpoint-cli/internal/config/pat.go:106.45,107.15 1 0
github.com/sailpoint-oss/sailpoint-cli/internal/config/pat.go:107.15,109.17 2 0
github.com/sailpoint-oss/sailpoint-cli/internal/config/pat.go:109.17,111.4 1 0
github.com/sailpoint-oss/sailpoint-cli/internal/config/pat.go:112.3,112.13 1 0
github.com/sailpoint-oss/sailpoint-cli/internal/config/pat.go:113.8,115.17 2 0
github.com/sailpoint-oss/sailpoint-cli/internal/config/pat.go:115.17,117.4 1 0
github.com/sailpoint-oss/sailpoint-cli/internal/config/pat.go:118.3,118.13 1 0
github.com/sailpoint-oss/sailpoint-cli/internal/config/pat.go:122.45,124.16 2 0
github.com/sailpoint-oss/sailpoint-cli/internal/config/pat.go:124.16,126.3 1 0
github.com/sailpoint-oss/sailpoint-cli/internal/config/pat.go:128.2,129.16 2 0
github.com/sailpoint-oss/sailpoint-cli/internal/config/pat.go:129.16,131.3 1 0
github.com/sailpoint-oss/sailpoint-cli/internal/config/pat.go:133.2,133.23 1 0
github.com/sailpoint-oss/sailpoint-cli/internal/config/pat.go:136.48,138.16 2 0
github.com/sailpoint-oss/sailpoint-cli/internal/config/pat.go:138.16,140.3 1 0
github.com/sailpoint-oss/sailpoint-cli/internal/config/pat.go:141.2,141.12 1 0
github.com/sailpoint-oss/sailpoint-cli/internal/config/pat.go:144.46,146.16 2 0
github.com/sailpoint-oss/sailpoint-cli/internal/config/pat.go:146.16,149.3 2 0
github.com/sailpoint-oss/sailpoint-cli/internal/config/pat.go:150.2,150.19 1 0
github.com/sailpoint-oss/sailpoint-cli/internal/config/pat.go:153.39,155.21 2 0
github.com/sailpoint-oss/sailpoint-cli/internal/config/pat.go:155.21,157.3 1 0
github.com/sailpoint-oss/sailpoint-cli/internal/config/pat.go:157.8,159.17 2 0
github.com/sailpoint-oss/sailpoint-cli/internal/config/pat.go:159.17,161.4 1 0
github.com/sailpoint-oss/sailpoint-cli/internal/config/pat.go:162.3,162.20 1 0
github.com/sailpoint-oss/sailpoint-cli/internal/config/pat.go:166.42,167.15 1 0
github.com/sailpoint-oss/sailpoint-cli/internal/config/pat.go:167.15,169.17 2 0
github.com/sailpoint-oss/sailpoint-cli/internal/config/pat.go:169.17,171.4 1 0
github.com/sailpoint-oss/sailpoint-cli/internal/config/pat.go:172.3,172.13 1 0
github.com/sailpoint-oss/sailpoint-cli/internal/config/pat.go:173.8,175.17 2 0
github.com/sailpoint-oss/sailpoint-cli/internal/config/pat.go:175.17,177.4 1 0
github.com/sailpoint-oss/sailpoint-cli/internal/config/pat.go:178.3,178.13 1 0
github.com/sailpoint-oss/sailpoint-cli/internal/config/pat.go:182.50,184.16 2 0
github.com/sailpoint-oss/sailpoint-cli/internal/config/pat.go:184.16,187.3 2 0
github.com/sailpoint-oss/sailpoint-cli/internal/config/pat.go:188.2,188.19 1 0
github.com/sailpoint-oss/sailpoint-cli/internal/config/pat.go:191.46,192.15 1 0
github.com/sailpoint-oss/sailpoint-cli/internal/config/pat.go:192.15,194.17 2 0
github.com/sailpoint-oss/sailpoint-cli/internal/config/pat.go:194.17,196.4 1 0
github.com/sailpoint-oss/sailpoint-cli/internal/config/pat.go:197.3,197.13 1 0
github.com/sailpoint-oss/sailpoint-cli/internal/config/pat.go:198.8,200.17 2 0
github.com/sailpoint-oss/sailpoint-cli/internal/config/pat.go:200.17,202.4 1 0
github.com/sailpoint-oss/sailpoint-cli/internal/config/pat.go:203.3,203.13 1 0
github.com/sailpoint-oss/sailpoint-cli/internal/config/pat.go:207.43,209.21 2 0
github.com/sailpoint-oss/sailpoint-cli/internal/config/pat.go:209.21,211.3 1 0
github.com/sailpoint-oss/sailpoint-cli/internal/config/pat.go:211.8,213.17 2 0
github.com/sailpoint-oss/sailpoint-cli/internal/config/pat.go:213.17,215.4 1 0
github.com/sailpoint-oss/sailpoint-cli/internal/config/pat.go:216.3,216.20 1 0
github.com/sailpoint-oss/sailpoint-cli/internal/config/pat.go:220.44,222.16 2 0
github.com/sailpoint-oss/sailpoint-cli/internal/config/pat.go:222.16,224.3 1 0
github.com/sailpoint-oss/sailpoint-cli/internal/config/pat.go:225.2,225.12 1 0
github.com/sailpoint-oss/sailpoint-cli/internal/config/pat.go:228.52,230.16 2 0
github.com/sailpoint-oss/sailpoint-cli/internal/config/pat.go:230.16,232.3 1 0
github.com/sailpoint-oss/sailpoint-cli/internal/config/pat.go:233.2,233.12 1 0
github.com/sailpoint-oss/sailpoint-cli/internal/config/pat.go:236.33,240.16 3 0
github.com/sailpoint-oss/sailpoint-cli/internal/config/pat.go:240.16,242.3 1 0
github.com/sailpoint-oss/sailpoint-cli/internal/config/pat.go:244.2,251.16 6 0
github.com/sailpoint-oss/sailpoint-cli/internal/config/pat.go:251.16,253.3 1 0
github.com/sailpoint-oss/sailpoint-cli/internal/config/pat.go:254.2,255.16 2 0
github.com/sailpoint-oss/sailpoint-cli/internal/config/pat.go:255.16,257.3 1 0
github.com/sailpoint-oss/sailpoint-cli/internal/config/pat.go:259.2,264.16 5 0
github.com/sailpoint-oss/sailpoint-cli/internal/config/pat.go:264.16,266.3 1 0
github.com/sailpoint-oss/sailpoint-cli/internal/config/pat.go:267.2,272.16 4 0
github.com/sailpoint-oss/sailpoint-cli/internal/config/pat.go:272.16,274.3 1 0
github.com/sailpoint-oss/sailpoint-cli/internal/config/pat.go:275.2,275.33 1 0
github.com/sailpoint-oss/sailpoint-cli/internal/config/pat.go:275.33,277.3 1 0
github.com/sailpoint-oss/sailpoint-cli/internal/config/pat.go:279.2,279.38 1 0
github.com/sailpoint-oss/sailpoint-cli/internal/config/pat.go:279.38,281.3 1 0
github.com/sailpoint-oss/sailpoint-cli/internal/config/pat.go:283.2,284.16 2 0
github.com/sailpoint-oss/sailpoint-cli/internal/config/pat.go:284.16,286.3 1 0
github.com/sailpoint-oss/sailpoint-cli/internal/config/pat.go:288.2,291.16 3 0
github.com/sailpoint-oss/sailpoint-cli/internal/config/pat.go:291.16,293.3 1 0
github.com/sailpoint-oss/sailpoint-cli/internal/config/pat.go:295.2,299.17 3 0
github.com/sailpoint-oss/sailpoint-cli/internal/config/pat.go:302.42,307.54 4 0
github.com/sailpoint-oss/sailpoint-cli/internal/config/pat.go:307.54,310.17 2 0
github.com/sailpoint-oss/sailpoint-cli/internal/config/pat.go:310.17,312.4 1 0
github.com/sailpoint-oss/sailpoint-cli/internal/config/pat.go:315.3,315.49 1 0
github.com/sailpoint-oss/sailpoint-cli/internal/config/pat.go:315.49,319.4 3 0
github.com/sailpoint-oss/sailpoint-cli/internal/config/pat.go:319.9,322.4 2 0
github.com/sailpoint-oss/sailpoint-cli/internal/config/pat.go:325.2,325.74 1 0
github.com/sailpoint-oss/sailpoint-cli/internal/config/pat.go:328.46,333.54 4 0
github.com/sailpoint-oss/sailpoint-cli/internal/config/pat.go:333.54,336.17 2 0
github.com/sailpoint-oss/sailpoint-cli/internal/config/pat.go:336.17,338.4 1 0
github.com/sailpoint-oss/sailpoint-cli/internal/config/pat.go:341.3,341.30 1 0
github.com/sailpoint-oss/sailpoint-cli/internal/config/pat.go:341.30,344.4 2 0
github.com/sailpoint-oss/sailpoint-cli/internal/config/pat.go:344.9,346.4 1 0
github.com/sailpoint-oss/sailpoint-cli/internal/config/pat.go:349.2,349.78 1 0
github.com/sailpoint-oss/sailpoint-cli/internal/terminal/terminal.go:21.65,24.16 3 0
github.com/sailpoint-oss/sailpoint-cli/internal/terminal/terminal.go:24.16,26.3 1 0
github.com/sailpoint-oss/sailpoint-cli/internal/terminal/terminal.go:27.2,28.53 2 0
github.com/sailpoint-oss/sailpoint-cli/internal/terminal/terminal.go:32.55,35.16 3 0
github.com/sailpoint-oss/sailpoint-cli/internal/terminal/terminal.go:35.16,37.3 1 0
github.com/sailpoint-oss/sailpoint-cli/internal/terminal/terminal.go:38.2,39.53 2 0
github.com/sailpoint-oss/sailpoint-cli/internal/terminal/terminal.go:43.39,46.6 3 0
github.com/sailpoint-oss/sailpoint-cli/internal/terminal/terminal.go:46.6,49.14 3 0
github.com/sailpoint-oss/sailpoint-cli/internal/terminal/terminal.go:49.14,50.9 1 0
github.com/sailpoint-oss/sailpoint-cli/internal/terminal/terminal.go:53.2,53.29 1 0
github.com/sailpoint-oss/sailpoint-cli/internal/types/types.go:6.57,7.23 1 0
github.com/sailpoint-oss/sailpoint-cli/internal/types/types.go:7.23,8.14 1 0
github.com/sailpoint-oss/sailpoint-cli/internal/types/types.go:8.14,10.4 1 0
github.com/sailpoint-oss/sailpoint-cli/internal/types/types.go:12.2,12.8 1 0
github.com/sailpoint-oss/sailpoint-cli/cmd/cluster/cluster.go:14.41,22.48 2 0
github.com/sailpoint-oss/sailpoint-cli/cmd/cluster/cluster.go:22.48,24.4 1 0
github.com/sailpoint-oss/sailpoint-cli/cmd/cluster/cluster.go:27.2,33.12 2 0
github.com/sailpoint-oss/sailpoint-cli/cmd/cluster/get.go:17.37,25.55 2 0
github.com/sailpoint-oss/sailpoint-cli/cmd/cluster/get.go:25.55,28.18 2 0
github.com/sailpoint-oss/sailpoint-cli/cmd/cluster/get.go:28.18,30.5 1 0
github.com/sailpoint-oss/sailpoint-cli/cmd/cluster/get.go:32.4,32.21 1 0
github.com/sailpoint-oss/sailpoint-cli/cmd/cluster/get.go:32.21,34.29 2 0
github.com/sailpoint-oss/sailpoint-cli/cmd/cluster/get.go:34.29,36.28 2 0
github.com/sailpoint-oss/sailpoint-cli/cmd/cluster/get.go:36.28,38.7 1 0
github.com/sailpoint-oss/sailpoint-cli/cmd/cluster/get.go:40.6,40.39 1 0
github.com/sailpoint-oss/sailpoint-cli/cmd/cluster/get.go:42.5,42.42 1 0
github.com/sailpoint-oss/sailpoint-cli/cmd/cluster/get.go:43.10,45.5 1 0
github.com/sailpoint-oss/sailpoint-cli/cmd/cluster/get.go:47.4,47.14 1 0
github.com/sailpoint-oss/sailpoint-cli/cmd/cluster/get.go:51.2,51.12 1 0
github.com/sailpoint-oss/sailpoint-cli/cmd/cluster/list.go:19.38,28.55 2 0
github.com/sailpoint-oss/sailpoint-cli/cmd/cluster/list.go:28.55,31.18 2 0
github.com/sailpoint-oss/sailpoint-cli/cmd/cluster/list.go:31.18,33.5 1 0
github.com/sailpoint-oss/sailpoint-cli/cmd/cluster/list.go:35.4,36.26 2 0
github.com/sailpoint-oss/sailpoint-cli/cmd/cluster/list.go:36.26,38.5 1 0
github.com/sailpoint-oss/sailpoint-cli/cmd/cluster/list.go:40.4,41.37 2 0
github.com/sailpoint-oss/sailpoint-cli/cmd/cluster/list.go:41.37,43.5 1 0
github.com/sailpoint-oss/sailpoint-cli/cmd/cluster/list.go:45.4,47.14 2 0
github.com/sailpoint-oss/sailpoint-cli/cmd/cluster/list.go:51.2,51.12 1 0
github.com/sailpoint-oss/sailpoint-cli/main.go:13.13,18.2 2 0
github.com/sailpoint-oss/sailpoint-cli/main.go:24.13,28.52 2 0
github.com/sailpoint-oss/sailpoint-cli/main.go:28.52,30.3 1 0
github.com/sailpoint-oss/sailpoint-cli/cmd/cluster/logConfig/get.go:16.37,24.55 2 0
github.com/sailpoint-oss/sailpoint-cli/cmd/cluster/logConfig/get.go:24.55,27.18 2 0
github.com/sailpoint-oss/sailpoint-cli/cmd/cluster/logConfig/get.go:27.18,29.5 1 0
github.com/sailpoint-oss/sailpoint-cli/cmd/cluster/logConfig/get.go:31.4,31.35 1 0
github.com/sailpoint-oss/sailpoint-cli/cmd/cluster/logConfig/get.go:31.35,34.19 2 0
github.com/sailpoint-oss/sailpoint-cli/cmd/cluster/logConfig/get.go:34.19,36.6 1 0
github.com/sailpoint-oss/sailpoint-cli/cmd/cluster/logConfig/get.go:38.5,38.49 1 0
github.com/sailpoint-oss/sailpoint-cli/cmd/cluster/logConfig/get.go:41.4,41.14 1 0
github.com/sailpoint-oss/sailpoint-cli/cmd/cluster/logConfig/get.go:45.2,45.12 1 0
github.com/sailpoint-oss/sailpoint-cli/cmd/cluster/logConfig/logConfig.go:14.37,22.48 2 0
github.com/sailpoint-oss/sailpoint-cli/cmd/cluster/logConfig/logConfig.go:22.48,24.4 1 0
github.com/sailpoint-oss/sailpoint-cli/cmd/cluster/logConfig/logConfig.go:27.2,32.12 2 0
github.com/sailpoint-oss/sailpoint-cli/cmd/cluster/logConfig/set.go:20.37,32.55 6 0
github.com/sailpoint-oss/sailpoint-cli/cmd/cluster/logConfig/set.go:32.55,36.28 2 0
github.com/sailpoint-oss/sailpoint-cli/cmd/cluster/logConfig/set.go:36.28,39.5 1 0
github.com/sailpoint-oss/sailpoint-cli/cmd/cluster/logConfig/set.go:41.4,41.57 1 0
github.com/sailpoint-oss/sailpoint-cli/cmd/cluster/logConfig/set.go:41.57,43.5 1 0
github.com/sailpoint-oss/sailpoint-cli/cmd/cluster/logConfig/set.go:45.4,46.18 2 0
github.com/sailpoint-oss/sailpoint-cli/cmd/cluster/logConfig/set.go:46.18,48.5 1 0
github.com/sailpoint-oss/sailpoint-cli/cmd/cluster/logConfig/set.go:50.4,52.41 2 0
github.com/sailpoint-oss/sailpoint-cli/cmd/cluster/logConfig/set.go:52.41,55.27 3 0
github.com/sailpoint-oss/sailpoint-cli/cmd/cluster/logConfig/set.go:55.27,57.6 1 0
github.com/sailpoint-oss/sailpoint-cli/cmd/cluster/logConfig/set.go:57.11,59.6 1 0
github.com/sailpoint-oss/sailpoint-cli/cmd/cluster/logConfig/set.go:62.4,62.35 1 0
github.com/sailpoint-oss/sailpoint-cli/cmd/cluster/logConfig/set.go:62.35,65.19 2 0
github.com/sailpoint-oss/sailpoint-cli/cmd/cluster/logConfig/set.go:65.19,67.6 1 0
github.com/sailpoint-oss/sailpoint-cli/cmd/cluster/logConfig/set.go:69.5,69.49 1 0
github.com/sailpoint-oss/sailpoint-cli/cmd/cluster/logConfig/set.go:72.4,72.14 1 0
github.com/sailpoint-oss/sailpoint-cli/cmd/cluster/logConfig/set.go:76.2,81.12 6 0
github.com/sailpoint-oss/sailpoint-cli/cmd/report/report.go:27.40,39.55 5 0
github.com/sailpoint-oss/sailpoint-cli/cmd/report/report.go:39.55,42.18 2 0
github.com/sailpoint-oss/sailpoint-cli/cmd/report/report.go:42.18,44.5 1 0
github.com/sailpoint-oss/sailpoint-cli/cmd/report/report.go:46.4,47.18 2 0
github.com/sailpoint-oss/sailpoint-cli/cmd/report/report.go:47.18,49.5 1 0
github.com/sailpoint-oss/sailpoint-cli/cmd/report/report.go:51.4,53.18 3 0
github.com/sailpoint-oss/sailpoint-cli/cmd/report/report.go:53.18,55.5 1 0
github.com/sailpoint-oss/sailpoint-cli/cmd/report/report.go:57.4,57.21 1 0
github.com/sailpoint-oss/sailpoint-cli/cmd/report/report.go:57.21,59.5 1 0
github.com/sailpoint-oss/sailpoint-cli/cmd/report/report.go:59.10,61.19 2 0
github.com/sailpoint-oss/sailpoint-cli/cmd/report/report.go:61.19,63.6 1 0
github.com/sailpoint-oss/sailpoint-cli/cmd/report/report.go:65.4,65.22 1 0
github.com/sailpoint-oss/sailpoint-cli/cmd/report/report.go:65.22,67.5 1 0
github.com/sailpoint-oss/sailpoint-cli/cmd/report/report.go:69.4,71.84 2 0
github.com/sailpoint-oss/sailpoint-cli/cmd/report/report.go:71.84,71.114 1 0
github.com/sailpoint-oss/sailpoint-cli/cmd/report/report.go:72.4,72.24 1 0
github.com/sailpoint-oss/sailpoint-cli/cmd/report/report.go:72.24,74.5 1 0
github.com/sailpoint-oss/sailpoint-cli/cmd/report/report.go:74.10,74.31 1 0
github.com/sailpoint-oss/sailpoint-cli/cmd/report/report.go:74.31,76.5 1 0
github.com/sailpoint-oss/sailpoint-cli/cmd/report/report.go:77.4,79.43 2 0
github.com/sailpoint-oss/sailpoint-cli/cmd/report/report.go:79.43,80.57 1 0
github.com/sailpoint-oss/sailpoint-cli/cmd/report/report.go:80.57,84.6 2 0
github.com/sailpoint-oss/sailpoint-cli/cmd/report/report.go:85.5,86.19 2 0
github.com/sailpoint-oss/sailpoint-cli/cmd/report/report.go:86.19,88.6 1 0
github.com/sailpoint-oss/sailpoint-cli/cmd/report/report.go:91.4,91.58 1 0
github.com/sailpoint-oss/sailpoint-cli/cmd/report/report.go:91.58,99.19 6 0
github.com/sailpoint-oss/sailpoint-cli/cmd/report/report.go:99.19,102.6 2 0
github.com/sailpoint-oss/sailpoint-cli/cmd/report/report.go:103.5,103.78 1 0
github.com/sailpoint-oss/sailpoint-cli/cmd/report/report.go:106.4,106.12 1 0
github.com/sailpoint-oss/sailpoint-cli/cmd/report/report.go:106.12,109.19 3 0
github.com/sailpoint-oss/sailpoint-cli/cmd/report/report.go:109.19,111.6 1 0
github.com/sailpoint-oss/sailpoint-cli/cmd/report/report.go:113.5,113.70 1 0
github.com/sailpoint-oss/sailpoint-cli/cmd/report/report.go:115.10,117.5 1 0
github.com/sailpoint-oss/sailpoint-cli/cmd/report/report.go:119.4,119.14 1 0
github.com/sailpoint-oss/sailpoint-cli/cmd/report/report.go:123.2,126.12 3 0
github.com/sailpoint-oss/sailpoint-cli/cmd/jsonpath/eval.go:14.38,25.55 3 0
github.com/sailpoint-oss/sailpoint-cli/cmd/jsonpath/eval.go:25.55,30.22 3 0
github.com/sailpoint-oss/sailpoint-cli/cmd/jsonpath/eval.go:30.22,32.19 2 0
github.com/sailpoint-oss/sailpoint-cli/cmd/jsonpath/eval.go:32.19,34.6 1 0
github.com/sailpoint-oss/sailpoint-cli/cmd/jsonpath/eval.go:35.10,37.5 1 0
github.com/sailpoint-oss/sailpoint-cli/cmd/jsonpath/eval.go:39.4,41.18 2 0
github.com/sailpoint-oss/sailpoint-cli/cmd/jsonpath/eval.go:41.18,43.5 1 0
github.com/sailpoint-oss/sailpoint-cli/cmd/jsonpath/eval.go:46.4,54.14 4 0
github.com/sailpoint-oss/sailpoint-cli/cmd/jsonpath/eval.go:59.2,62.12 3 0
github.com/sailpoint-oss/sailpoint-cli/cmd/jsonpath/jsonpath.go:13.38,23.48 2 0
github.com/sailpoint-oss/sailpoint-cli/cmd/jsonpath/jsonpath.go:23.48,25.4 1 0
github.com/sailpoint-oss/sailpoint-cli/cmd/jsonpath/jsonpath.go:28.2,34.12 2 0
github.com/sailpoint-oss/sailpoint-cli/cmd/environment/create.go:9.40,16.55 1 0
github.com/sailpoint-oss/sailpoint-cli/cmd/environment/create.go:16.55,17.41 1 0
github.com/sailpoint-oss/sailpoint-cli/cmd/environment/create.go:17.41,19.19 2 0
github.com/sailpoint-oss/sailpoint-cli/cmd/environment/create.go:19.19,21.6 1 0
github.com/sailpoint-oss/sailpoint-cli/cmd/environment/create.go:24.4,24.22 1 0
github.com/sailpoint-oss/sailpoint-cli/cmd/environment/create.go:24.22,26.19 2 0
github.com/sailpoint-oss/sailpoint-cli/cmd/environment/create.go:26.19,28.6 1 0
github.com/sailpoint-oss/sailpoint-cli/cmd/environment/create.go:31.4,31.14 1 0
github.com/sailpoint-oss/sailpoint-cli/cmd/environment/delete.go:12.40,19.55 1 0
github.com/sailpoint-oss/sailpoint-cli/cmd/environment/delete.go:19.55,22.41 2 0
github.com/sailpoint-oss/sailpoint-cli/cmd/environment/delete.go:22.41,24.45 1 0
github.com/sailpoint-oss/sailpoint-cli/cmd/environment/delete.go:24.45,27.19 3 0
github.com/sailpoint-oss/sailpoint-cli/cmd/environment/delete.go:27.19,40.33 11 0
github.com/sailpoint-oss/sailpoint-cli/cmd/environment/delete.go:40.33,42.8 1 0
github.com/sailpoint-oss/sailpoint-cli/cmd/environment/delete.go:42.13,43.36 1 0
github.com/sailpoint-oss/sailpoint-cli/cmd/environment/delete.go:43.36,45.14 2 0
github.com/sailpoint-oss/sailpoint-cli/cmd/environment/delete.go:49.7,49.83 1 0
github.com/sailpoint-oss/sailpoint-cli/cmd/environment/delete.go:51.11,54.6 2 0
github.com/sailpoint-oss/sailpoint-cli/cmd/environment/delete.go:57.4,57.22 1 0
github.com/sailpoint-oss/sailpoint-cli/cmd/environment/delete.go:57.22,60.32 2 0
github.com/sailpoint-oss/sailpoint-cli/cmd/environment/delete.go:60.32,64.19 3 0
github.com/sailpoint-oss/sailpoint-cli/cmd/environment/delete.go:64.19,77.33 11 0
github.com/sailpoint-oss/sailpoint-cli/cmd/environment/delete.go:77.33,79.8 1 0
github.com/sailpoint-oss/sailpoint-cli/cmd/environment/delete.go:79.13,80.36 1 0
github.com/sailpoint-oss/sailpoint-cli/cmd/environment/delete.go:80.36,82.14 2 0
github.com/sailpoint-oss/sailpoint-cli/cmd/environment/delete.go:86.11,89.6 2 0
github.com/sailpoint-oss/sailpoint-cli/cmd/environment/delete.go:92.4,92.14 1 0
github.com/sailpoint-oss/sailpoint-cli/cmd/environment/environment.go:14.45,22.48 2 0
github.com/sailpoint-oss/sailpoint-cli/cmd/environment/environment.go:22.48,24.4 1 0
github.com/sailpoint-oss/sailpoint-cli/cmd/environment/environment.go:27.2,36.12 2 0
github.com/sailpoint-oss/sailpoint-cli/cmd/environment/list.go:14.38,22.55 1 0
github.com/sailpoint-oss/sailpoint-cli/cmd/environment/list.go:22.55,25.30 2 0
github.com/sailpoint-oss/sailpoint-cli/cmd/environment/list.go:25.30,29.18 4 0
github.com/sailpoint-oss/sailpoint-cli/cmd/environment/list.go:29.18,31.6 1 0
github.com/sailpoint-oss/sailpoint-cli/cmd/environment/list.go:32.10,35.5 2 0
github.com/sailpoint-oss/sailpoint-cli/cmd/environment/list.go:36.4,36.14 1 0
github.com/sailpoint-oss/sailpoint-cli/cmd/environment/show.go:14.38,21.55 1 0
github.com/sailpoint-oss/sailpoint-cli/cmd/environment/show.go:21.55,24.41 2 0
github.com/sailpoint-oss/sailpoint-cli/cmd/environment/show.go:24.41,25.45 1 0
github.com/sailpoint-oss/sailpoint-cli/cmd/environment/show.go:25.45,28.19 3 0
github.com/sailpoint-oss/sailpoint-cli/cmd/environment/show.go:28.19,30.7 1 0
github.com/sailpoint-oss/sailpoint-cli/cmd/environment/show.go:31.11,34.6 2 0
github.com/sailpoint-oss/sailpoint-cli/cmd/environment/show.go:38.4,38.22 1 0
github.com/sailpoint-oss/sailpoint-cli/cmd/environment/show.go:38.22,41.32 2 0
github.com/sailpoint-oss/sailpoint-cli/cmd/environment/show.go:41.32,44.19 3 0
github.com/sailpoint-oss/sailpoint-cli/cmd/environment/show.go:44.19,46.7 1 0
github.com/sailpoint-oss/sailpoint-cli/cmd/environment/show.go:47.11,50.6 2 0
github.com/sailpoint-oss/sailpoint-cli/cmd/environment/show.go:53.4,53.14 1 0
github.com/sailpoint-oss/sailpoint-cli/cmd/environment/update.go:12.40,19.55 1 0
github.com/sailpoint-oss/sailpoint-cli/cmd/environment/update.go:19.55,22.41 2 0
github.com/sailpoint-oss/sailpoint-cli/cmd/environment/update.go:22.41,23.45 1 0
github.com/sailpoint-oss/sailpoint-cli/cmd/environment/update.go:23.45,25.20 2 0
github.com/sailpoint-oss/sailpoint-cli/cmd/environment/update.go:25.20,27.7 1 0
github.com/sailpoint-oss/sailpoint-cli/cmd/environment/update.go:28.11,31.6 2 0
github.com/sailpoint-oss/sailpoint-cli/cmd/environment/update.go:35.4,35.22 1 0
github.com/sailpoint-oss/sailpoint-cli/cmd/environment/update.go:35.22,38.32 2 0
github.com/sailpoint-oss/sailpoint-cli/cmd/environment/update.go:38.32,41.19 3 0
github.com/sailpoint-oss/sailpoint-cli/cmd/environment/update.go:41.19,44.21 2 0
github.com/sailpoint-oss/sailpoint-cli/cmd/environment/update.go:44.21,46.8 1 0
github.com/sailpoint-oss/sailpoint-cli/cmd/environment/update.go:48.11,51.6 2 0
github.com/sailpoint-oss/sailpoint-cli/cmd/environment/update.go:54.4,54.14 1 0
github.com/sailpoint-oss/sailpoint-cli/cmd/environment/use.go:10.37,18.55 2 0
github.com/sailpoint-oss/sailpoint-cli/cmd/environment/use.go:18.55,21.21 2 0
github.com/sailpoint-oss/sailpoint-cli/cmd/environment/use.go:21.21,23.5 1 0
github.com/sailpoint-oss/sailpoint-cli/cmd/environment/use.go:23.10,25.5 1 0
github.com/sailpoint-oss/sailpoint-cli/cmd/environment/use.go:27.4,27.32 1 0
github.com/sailpoint-oss/sailpoint-cli/cmd/environment/use.go:27.32,30.5 2 0
github.com/sailpoint-oss/sailpoint-cli/cmd/environment/use.go:30.10,32.5 1 0
github.com/sailpoint-oss/sailpoint-cli/cmd/environment/use.go:34.4,34.14 1 0
github.com/sailpoint-oss/sailpoint-cli/cmd/connector/validate/account_create.go:20.123,23.18 3 0
github.com/sailpoint-oss/sailpoint-cli/cmd/connector/validate/account_create.go:23.18,25.5 1 0
github.com/sailpoint-oss/sailpoint-cli/cmd/connector/validate/account_create.go:37.123,39.60 2 0
github.com/sailpoint-oss/sailpoint-cli/cmd/connector/validate/account_create.go:39.60,40.23 1 0
github.com/sailpoint-oss/sailpoint-cli/cmd/connector/validate/account_create.go:40.23,42.6 1 0
github.com/sailpoint-oss/sailpoint-cli/cmd/connector/validate/account_create.go:45.4,48.18 3 0
github.com/sailpoint-oss/sailpoint-cli/cmd/connector/validate/account_create.go:48.18,51.5 2 0
github.com/sailpoint-oss/sailpoint-cli/cmd/connector/validate/account_create.go:53.4,54.31 2 0
github.com/sailpoint-oss/sailpoint-cli/cmd/connector/validate/account_create.go:54.31,56.5 1 0
github.com/sailpoint-oss/sailpoint-cli/cmd/connector/validate/account_create.go:58.4,59.18 2 0
github.com/sailpoint-oss/sailpoint-cli/cmd/connector/validate/account_create.go:59.18,62.5 2 0
github.com/sailpoint-oss/sailpoint-cli/cmd/connector/validate/account_create.go:63.4,64.31 2 0
github.com/sailpoint-oss/sailpoint-cli/cmd/connector/validate/account_create.go:64.31,66.5 1 0
github.com/sailpoint-oss/sailpoint-cli/cmd/connector/validate/account_create.go:68.4,69.18 2 0
github.com/sailpoint-oss/sailpoint-cli/cmd/connector/validate/account_create.go:69.18,71.5 1 0
github.com/sailpoint-oss/sailpoint-cli/cmd/connector/validate/account_create.go:83.123,85.60 2 0
github.com/sailpoint-oss/sailpoint-cli/cmd/connector/validate/account_create.go:85.60,87.5 1 0
github.com/sailpoint-oss/sailpoint-cli/cmd/connector/validate/account_create.go:89.4,92.18 3 0
github.com/sailpoint-oss/sailpoint-cli/cmd/connector/validate/account_create.go:92.18,95.5 2 0
github.com/sailpoint-oss/sailpoint-cli/cmd/connector/validate/account_create.go:97.4,98.31 2 0
github.com/sailpoint-oss/sailpoint-cli/cmd/connector/validate/account_create.go:98.31,100.5 1 0
github.com/sailpoint-oss/sailpoint-cli/cmd/connector/validate/account_create.go:102.4,103.18 2 0
github.com/sailpoint-oss/sailpoint-cli/cmd/connector/validate/account_create.go:103.18,106.5 2 0
github.com/sailpoint-oss/sailpoint-cli/cmd/connector/validate/account_create.go:107.4,108.31 2 0
github.com/sailpoint-oss/sailpoint-cli/cmd/connector/validate/account_create.go:108.31,110.5 1 0
github.com/sailpoint-oss/sailpoint-cli/cmd/connector/validate/account_create.go:112.4,113.18 2 0
github.com/sailpoint-oss/sailpoint-cli/cmd/connector/validate/account_create.go:113.18,115.5 1 0
github.com/sailpoint-oss/sailpoint-cli/cmd/connector/validate/account_create.go:128.123,130.18 2 0
github.com/sailpoint-oss/sailpoint-cli/cmd/connector/validate/account_create.go:130.18,133.5 2 0
github.com/sailpoint-oss/sailpoint-cli/cmd/connector/validate/account_create.go:135.4,136.60 2 0
github.com/sailpoint-oss/sailpoint-cli/cmd/connector/validate/account_create.go:136.60,137.23 1 0
github.com/sailpoint-oss/sailpoint-cli/cmd/connector/validate/account_create.go:137.23,139.6 1 0
github.com/sailpoint-oss/sailpoint-cli/cmd/connector/validate/account_create.go:142.4,145.18 3 0
github.com/sailpoint-oss/sailpoint-cli/cmd/connector/validate/account_create.go:145.18,148.5 2 0
github.com/sailpoint-oss/sailpoint-cli/cmd/connector/validate/account_create.go:150.4,151.18 2 0
github.com/sailpoint-oss/sailpoint-cli/cmd/connector/validate/account_create.go:151.18,154.5 2 0
github.com/sailpoint-oss/sailpoint-cli/cmd/connector/validate/account_create.go:156.4,157.18 2 0
github.com/sailpoint-oss/sailpoint-cli/cmd/connector/validate/account_create.go:157.18,160.5 2 0
github.com/sailpoint-oss/sailpoint-cli/cmd/connector/validate/account_create.go:162.4,163.26 2 0
github.com/sailpoint-oss/sailpoint-cli/cmd/connector/validate/account_create.go:163.26,164.36 1 0
github.com/sailpoint-oss/sailpoint-cli/cmd/connector/validate/account_create.go:164.36,166.6 1 0
github.com/sailpoint-oss/sailpoint-cli/cmd/connector/validate/account_create.go:169.4,170.18 2 0
github.com/sailpoint-oss/sailpoint-cli/cmd/connector/validate/account_create.go:170.18,172.5 1 0
github.com/sailpoint-oss/sailpoint-cli/cmd/connector/validate/account_create.go:175.4,178.18 3 0
github.com/sailpoint-oss/sailpoint-cli/cmd/connector/validate/account_create.go:178.18,180.5 1 0
github.com/sailpoint-oss/sailpoint-cli/cmd/connector/validate/account_create.go:182.4,183.18 2 0
github.com/sailpoint-oss/sailpoint-cli/cmd/connector/validate/account_create.go:183.18,185.5 1 0
github.com/sailpoint-oss/sailpoint-cli/cmd/connector/validate/account_create.go:187.4,187.57 1 0
github.com/sailpoint-oss/sailpoint-cli/cmd/connector/validate/account_create.go:187.57,189.5 1 0
github.com/sailpoint-oss/sailpoint-cli/cmd/connector/validate/account_create.go:191.4,191.59 1 0
github.com/sailpoint-oss/sailpoint-cli/cmd/connector/validate/account_create.go:191.59,193.5 1 0
github.com/sailpoint-oss/sailpoint-cli/cmd/connector/validate/account_create.go:195.4,195.10 1 0
github.com/sailpoint-oss/sailpoint-cli/cmd/connector/validate/account_read.go:23.123,26.18 3 0
github.com/sailpoint-oss/sailpoint-cli/cmd/connector/validate/account_read.go:26.18,29.5 2 0
github.com/sailpoint-oss/sailpoint-cli/cmd/connector/validate/account_read.go:30.4,30.26 1 0
github.com/sailpoint-oss/sailpoint-cli/cmd/connector/validate/account_read.go:30.26,33.5 2 0
github.com/sailpoint-oss/sailpoint-cli/cmd/connector/validate/account_read.go:35.4,35.47 1 0
github.com/sailpoint-oss/sailpoint-cli/cmd/connector/validate/account_read.go:35.47,37.5 1 0
github.com/sailpoint-oss/sailpoint-cli/cmd/connector/validate/account_read.go:39.4,39.41 1 0
github.com/sailpoint-oss/sailpoint-cli/cmd/connector/validate/account_read.go:39.41,40.34 1 0
github.com/sailpoint-oss/sailpoint-cli/cmd/connector/validate/account_read.go:40.34,41.11 1 0
github.com/sailpoint-oss/sailpoint-cli/cmd/connector/validate/account_read.go:43.5,44.19 2 0
github.com/sailpoint-oss/sailpoint-cli/cmd/connector/validate/account_read.go:44.19,47.6 2 0
github.com/sailpoint-oss/sailpoint-cli/cmd/connector/validate/account_read.go:48.5,48.42 1 0
github.com/sailpoint-oss/sailpoint-cli/cmd/connector/validate/account_read.go:48.42,50.6 1 0
github.com/sailpoint-oss/sailpoint-cli/cmd/connector/validate/account_read.go:52.5,56.23 4 0
github.com/sailpoint-oss/sailpoint-cli/cmd/connector/validate/account_read.go:56.23,57.33 1 0
github.com/sailpoint-oss/sailpoint-cli/cmd/connector/validate/account_read.go:57.33,59.7 1 0
github.com/sailpoint-oss/sailpoint-cli/cmd/connector/validate/account_read.go:71.123,75.18 3 0
github.com/sailpoint-oss/sailpoint-cli/cmd/connector/validate/account_read.go:75.18,77.5 1 0
github.com/sailpoint-oss/sailpoint-cli/cmd/connector/validate/account_read.go:87.123,92.56 4 0
github.com/sailpoint-oss/sailpoint-cli/cmd/connector/validate/account_read.go:92.56,94.5 1 0
github.com/sailpoint-oss/sailpoint-cli/cmd/connector/validate/account_read.go:96.4,97.18 2 0
github.com/sailpoint-oss/sailpoint-cli/cmd/connector/validate/account_read.go:97.18,100.5 2 0
github.com/sailpoint-oss/sailpoint-cli/cmd/connector/validate/account_read.go:101.4,101.34 1 0
github.com/sailpoint-oss/sailpoint-cli/cmd/connector/validate/account_read.go:101.34,102.46 1 0
github.com/sailpoint-oss/sailpoint-cli/cmd/connector/validate/account_read.go:102.46,104.16 2 0
github.com/sailpoint-oss/sailpoint-cli/cmd/connector/validate/account_read.go:104.16,106.15 2 0
github.com/sailpoint-oss/sailpoint-cli/cmd/connector/validate/account_read.go:109.6,110.26 2 0
github.com/sailpoint-oss/sailpoint-cli/cmd/connector/validate/account_read.go:111.25,112.41 1 0
github.com/sailpoint-oss/sailpoint-cli/cmd/connector/validate/account_read.go:112.41,114.8 1 0
github.com/sailpoint-oss/sailpoint-cli/cmd/connector/validate/account_read.go:114.13,116.8 1 0
github.com/sailpoint-oss/sailpoint-cli/cmd/connector/validate/account_read.go:117.7,117.21 1 0
github.com/sailpoint-oss/sailpoint-cli/cmd/connector/validate/account_read.go:120.6,120.31 1 0
github.com/sailpoint-oss/sailpoint-cli/cmd/connector/validate/account_read.go:120.31,122.7 1 0
github.com/sailpoint-oss/sailpoint-cli/cmd/connector/validate/account_read.go:124.6,124.26 1 0
github.com/sailpoint-oss/sailpoint-cli/cmd/connector/validate/account_read.go:125.18,126.29 1 0
github.com/sailpoint-oss/sailpoint-cli/cmd/connector/validate/account_read.go:126.29,128.22 2 0
github.com/sailpoint-oss/sailpoint-cli/cmd/connector/validate/account_read.go:128.22,130.9 1 0
github.com/sailpoint-oss/sailpoint-cli/cmd/connector/validate/account_read.go:133.7,133.54 1 0
github.com/sailpoint-oss/sailpoint-cli/cmd/connector/validate/account_read.go:133.54,135.8 1 0
github.com/sailpoint-oss/sailpoint-cli/cmd/connector/validate/account_read.go:136.16,137.33 1 0
github.com/sailpoint-oss/sailpoint-cli/cmd/connector/validate/account_read.go:137.33,139.8 1 0
github.com/sailpoint-oss/sailpoint-cli/cmd/connector/validate/account_read.go:140.19,141.29 1 0
github.com/sailpoint-oss/sailpoint-cli/cmd/connector/validate/account_read.go:141.29,143.8 1 0
github.com/sailpoint-oss/sailpoint-cli/cmd/connector/validate/account_read.go:144.15,144.15 0 0
github.com/sailpoint-oss/sailpoint-cli/cmd/connector/validate/account_read.go:146.14,147.64 1 0
github.com/sailpoint-oss/sailpoint-cli/cmd/connector/validate/account_read.go:152.4,152.49 1 0
github.com/sailpoint-oss/sailpoint-cli/cmd/connector/validate/account_read.go:152.49,154.5 1 0
github.com/sailpoint-oss/sailpoint-cli/cmd/connector/validate/account_update.go:20.123,24.18 3 0
github.com/sailpoint-oss/sailpoint-cli/cmd/connector/validate/account_update.go:24.18,26.5 1 0
github.com/sailpoint-oss/sailpoint-cli/cmd/connector/validate/account_update.go:28.4,28.26 1 0
github.com/sailpoint-oss/sailpoint-cli/cmd/connector/validate/account_update.go:28.26,31.5 2 0
github.com/sailpoint-oss/sailpoint-cli/cmd/connector/validate/account_update.go:33.4,35.55 2 0
github.com/sailpoint-oss/sailpoint-cli/cmd/connector/validate/account_update.go:35.55,36.22 1 0
github.com/sailpoint-oss/sailpoint-cli/cmd/connector/validate/account_update.go:36.22,37.26 1 0
github.com/sailpoint-oss/sailpoint-cli/cmd/connector/validate/account_update.go:37.26,39.15 1 0
github.com/sailpoint-oss/sailpoint-cli/cmd/connector/validate/account_update.go:41.6,44.20 3 0
github.com/sailpoint-oss/sailpoint-cli/cmd/connector/validate/account_update.go:44.20,46.15 2 0
github.com/sailpoint-oss/sailpoint-cli/cmd/connector/validate/account_update.go:50.6,53.20 3 0
github.com/sailpoint-oss/sailpoint-cli/cmd/connector/validate/account_update.go:53.20,55.15 2 0
github.com/sailpoint-oss/sailpoint-cli/cmd/connector/validate/account_update.go:58.6,58.52 1 0
github.com/sailpoint-oss/sailpoint-cli/cmd/connector/validate/account_update.go:58.52,60.15 2 0
github.com/sailpoint-oss/sailpoint-cli/cmd/connector/validate/account_update.go:77.123,82.29 4 0
github.com/sailpoint-oss/sailpoint-cli/cmd/connector/validate/account_update.go:82.29,85.5 2 0
github.com/sailpoint-oss/sailpoint-cli/cmd/connector/validate/account_update.go:87.4,88.18 2 0
github.com/sailpoint-oss/sailpoint-cli/cmd/connector/validate/account_update.go:88.18,91.5 2 0
github.com/sailpoint-oss/sailpoint-cli/cmd/connector/validate/account_update.go:93.4,93.30 1 0
github.com/sailpoint-oss/sailpoint-cli/cmd/connector/validate/account_update.go:93.30,96.5 2 0
github.com/sailpoint-oss/sailpoint-cli/cmd/connector/validate/account_update.go:99.4,100.60 2 0
github.com/sailpoint-oss/sailpoint-cli/cmd/connector/validate/account_update.go:100.60,101.23 1 0
github.com/sailpoint-oss/sailpoint-cli/cmd/connector/validate/account_update.go:101.23,103.6 1 0
github.com/sailpoint-oss/sailpoint-cli/cmd/connector/validate/account_update.go:106.4,109.18 3 0
github.com/sailpoint-oss/sailpoint-cli/cmd/connector/validate/account_update.go:109.18,112.5 2 0
github.com/sailpoint-oss/sailpoint-cli/cmd/connector/validate/account_update.go:115.4,118.35 2 0
github.com/sailpoint-oss/sailpoint-cli/cmd/connector/validate/account_update.go:118.35,120.19 2 0
github.com/sailpoint-oss/sailpoint-cli/cmd/connector/validate/account_update.go:120.19,122.6 1 0
github.com/sailpoint-oss/sailpoint-cli/cmd/connector/validate/account_update.go:124.5,125.19 2 0
github.com/sailpoint-oss/sailpoint-cli/cmd/connector/validate/account_update.go:125.19,127.6 1 0
github.com/sailpoint-oss/sailpoint-cli/cmd/connector/validate/account_update.go:129.5,129.56 1 0
github.com/sailpoint-oss/sailpoint-cli/cmd/connector/validate/account_update.go:129.56,137.20 2 0
github.com/sailpoint-oss/sailpoint-cli/cmd/connector/validate/account_update.go:137.20,139.7 1 0
github.com/sailpoint-oss/sailpoint-cli/cmd/connector/validate/account_update.go:141.6,142.20 2 0
github.com/sailpoint-oss/sailpoint-cli/cmd/connector/validate/account_update.go:142.20,144.7 1 0
github.com/sailpoint-oss/sailpoint-cli/cmd/connector/validate/account_update.go:146.6,146.52 1 0
github.com/sailpoint-oss/sailpoint-cli/cmd/connector/validate/account_update.go:146.52,148.7 1 0
github.com/sailpoint-oss/sailpoint-cli/cmd/connector/validate/account_update.go:153.4,153.35 1 0
github.com/sailpoint-oss/sailpoint-cli/cmd/connector/validate/account_update.go:153.35,155.19 2 0
github.com/sailpoint-oss/sailpoint-cli/cmd/connector/validate/account_update.go:155.19,157.6 1 0
github.com/sailpoint-oss/sailpoint-cli/cmd/connector/validate/account_update.go:158.5,158.34 1 0
github.com/sailpoint-oss/sailpoint-cli/cmd/connector/validate/account_update.go:158.34,166.20 2 0
github.com/sailpoint-oss/sailpoint-cli/cmd/connector/validate/account_update.go:166.20,168.7 1 0
github.com/sailpoint-oss/sailpoint-cli/cmd/connector/validate/account_update.go:170.6,171.20 2 0
github.com/sailpoint-oss/sailpoint-cli/cmd/connector/validate/account_update.go:171.20,173.7 1 0
github.com/sailpoint-oss/sailpoint-cli/cmd/connector/validate/account_update.go:175.6,175.51 1 0
github.com/sailpoint-oss/sailpoint-cli/cmd/connector/validate/account_update.go:175.51,177.7 1 0
github.com/sailpoint-oss/sailpoint-cli/cmd/connector/validate/account_update.go:181.4,182.18 2 0
github.com/sailpoint-oss/sailpoint-cli/cmd/connector/validate/account_update.go:182.18,184.5 1 0
github.com/sailpoint-oss/sailpoint-cli/cmd/connector/validate/check.go:12.13,18.2 5 0
github.com/sailpoint-oss/sailpoint-cli/cmd/connector/validate/check.go:48.40,50.2 1 0
github.com/sailpoint-oss/sailpoint-cli/cmd/connector/validate/check.go:53.63,55.2 1 0
github.com/sailpoint-oss/sailpoint-cli/cmd/connector/validate/check.go:58.64,60.2 1 0
github.com/sailpoint-oss/sailpoint-cli/cmd/connector/validate/check.go:63.64,65.2 1 0
github.com/sailpoint-oss/sailpoint-cli/cmd/connector/validate/entitlement_read.go:20.123,24.18 3 0
github.com/sailpoint-oss/sailpoint-cli/cmd/connector/validate/entitlement_read.go:24.18,26.5 1 0
github.com/sailpoint-oss/sailpoint-cli/cmd/connector/validate/entitlement_read.go:27.4,27.10 1 0
github.com/sailpoint-oss/sailpoint-cli/cmd/connector/validate/entitlement_read.go:38.123,42.18 3 0
github.com/sailpoint-oss/sailpoint-cli/cmd/connector/validate/entitlement_read.go:42.18,45.5 2 0
github.com/sailpoint-oss/sailpoint-cli/cmd/connector/validate/entitlement_read.go:47.4,47.30 1 0
github.com/sailpoint-oss/sailpoint-cli/cmd/connector/validate/entitlement_read.go:47.30,50.5 2 0
github.com/sailpoint-oss/sailpoint-cli/cmd/connector/validate/entitlement_read.go:52.4,52.51 1 0
github.com/sailpoint-oss/sailpoint-cli/cmd/connector/validate/entitlement_read.go:52.51,54.5 1 0
github.com/sailpoint-oss/sailpoint-cli/cmd/connector/validate/entitlement_read.go:56.4,56.39 1 0
github.com/sailpoint-oss/sailpoint-cli/cmd/connector/validate/entitlement_read.go:56.39,57.34 1 0
github.com/sailpoint-oss/sailpoint-cli/cmd/connector/validate/entitlement_read.go:57.34,58.11 1 0
github.com/sailpoint-oss/sailpoint-cli/cmd/connector/validate/entitlement_read.go:60.5,61.19 2 0
github.com/sailpoint-oss/sailpoint-cli/cmd/connector/validate/entitlement_read.go:61.19,64.6 2 0
github.com/sailpoint-oss/sailpoint-cli/cmd/connector/validate/entitlement_read.go:65.5,65.37 1 0
github.com/sailpoint-oss/sailpoint-cli/cmd/connector/validate/entitlement_read.go:65.37,67.6 1 0
github.com/sailpoint-oss/sailpoint-cli/cmd/connector/validate/entitlement_read.go:68.5,69.23 2 0
github.com/sailpoint-oss/sailpoint-cli/cmd/connector/validate/entitlement_read.go:69.23,70.33 1 0
github.com/sailpoint-oss/sailpoint-cli/cmd/connector/validate/entitlement_read.go:70.33,72.7 1 0
github.com/sailpoint-oss/sailpoint-cli/cmd/connector/validate/entitlement_read.go:84.123,89.64 4 0
github.com/sailpoint-oss/sailpoint-cli/cmd/connector/validate/entitlement_read.go:89.64,91.5 1 0
github.com/sailpoint-oss/sailpoint-cli/cmd/connector/validate/entitlement_read.go:93.4,94.18 2 0
github.com/sailpoint-oss/sailpoint-cli/cmd/connector/validate/entitlement_read.go:94.18,97.5 2 0
github.com/sailpoint-oss/sailpoint-cli/cmd/connector/validate/entitlement_read.go:98.4,98.38 1 0
github.com/sailpoint-oss/sailpoint-cli/cmd/connector/validate/entitlement_read.go:98.38,99.46 1 0
github.com/sailpoint-oss/sailpoint-cli/cmd/connector/validate/entitlement_read.go:99.46,101.16 2 0
github.com/sailpoint-oss/sailpoint-cli/cmd/connector/validate/entitlement_read.go:101.16,103.15 2 0
github.com/sailpoint-oss/sailpoint-cli/cmd/connector/validate/entitlement_read.go:106.6,106.57 1 0
github.com/sailpoint-oss/sailpoint-cli/cmd/connector/validate/entitlement_read.go:110.4,110.49 1 0
github.com/sailpoint-oss/sailpoint-cli/cmd/connector/validate/entitlement_read.go:110.49,112.5 1 0
github.com/sailpoint-oss/sailpoint-cli/cmd/connector/validate/test_conn.go:18.123,20.18 2 0
github.com/sailpoint-oss/sailpoint-cli/cmd/connector/validate/test_conn.go:20.18,22.5 1 0
github.com/sailpoint-oss/sailpoint-cli/cmd/connector/validate/test_conn.go:32.123,34.18 2 0
github.com/sailpoint-oss/sailpoint-cli/cmd/connector/validate/test_conn.go:34.18,36.5 1 0
github.com/sailpoint-oss/sailpoint-cli/cmd/connector/validate/util.go:16.56,17.53 1 0
github.com/sailpoint-oss/sailpoint-cli/cmd/connector/validate/util.go:17.53,18.23 1 0
github.com/sailpoint-oss/sailpoint-cli/cmd/connector/validate/util.go:18.23,20.4 1 0
github.com/sailpoint-oss/sailpoint-cli/cmd/connector/validate/util.go:22.2,22.11 1 0
github.com/sailpoint-oss/sailpoint-cli/cmd/connector/validate/util.go:26.100,28.27 2 0
github.com/sailpoint-oss/sailpoint-cli/cmd/connector/validate/util.go:28.27,30.3 1 0
github.com/sailpoint-oss/sailpoint-cli/cmd/connector/validate/util.go:31.2,32.79 2 0
github.com/sailpoint-oss/sailpoint-cli/cmd/connector/validate/util.go:32.79,34.3 1 0
github.com/sailpoint-oss/sailpoint-cli/cmd/connector/validate/util.go:35.2,35.26 1 0
github.com/sailpoint-oss/sailpoint-cli/cmd/connector/validate/util.go:39.111,41.16 2 0
github.com/sailpoint-oss/sailpoint-cli/cmd/connector/validate/util.go:41.16,42.21 1 0
github.com/sailpoint-oss/sailpoint-cli/cmd/connector/validate/util.go:44.2,44.34 1 0
github.com/sailpoint-oss/sailpoint-cli/cmd/connector/validate/util.go:44.34,45.26 1 0
github.com/sailpoint-oss/sailpoint-cli/cmd/connector/validate/util.go:45.26,47.4 1 0
github.com/sailpoint-oss/sailpoint-cli/cmd/connector/validate/util.go:49.2,49.14 1 0
github.com/sailpoint-oss/sailpoint-cli/cmd/connector/validate/util.go:61.93,62.21 1 0
github.com/sailpoint-oss/sailpoint-cli/cmd/connector/validate/util.go:62.21,63.33 1 0
github.com/sailpoint-oss/sailpoint-cli/cmd/connector/validate/util.go:63.33,64.12 1 0
github.com/sailpoint-oss/sailpoint-cli/cmd/connector/validate/util.go:67.3,67.29 1 0
github.com/sailpoint-oss/sailpoint-cli/cmd/connector/validate/util.go:68.22,70.26 2 0
github.com/sailpoint-oss/sailpoint-cli/cmd/connector/validate/util.go:70.26,72.5 1 0
github.com/sailpoint-oss/sailpoint-cli/cmd/connector/validate/util.go:74.4,75.11 2 0
github.com/sailpoint-oss/sailpoint-cli/cmd/connector/validate/util.go:75.11,77.5 1 0
github.com/sailpoint-oss/sailpoint-cli/cmd/connector/validate/util.go:79.4,79.26 1 0
github.com/sailpoint-oss/sailpoint-cli/cmd/connector/validate/util.go:79.26,80.31 1 0
github.com/sailpoint-oss/sailpoint-cli/cmd/connector/validate/util.go:80.31,86.6 1 0
github.com/sailpoint-oss/sailpoint-cli/cmd/connector/validate/util.go:88.11,89.24 1 0
github.com/sailpoint-oss/sailpoint-cli/cmd/connector/validate/util.go:89.24,95.5 1 0
github.com/sailpoint-oss/sailpoint-cli/cmd/connector/validate/util.go:98.2,98.14 1 0
github.com/sailpoint-oss/sailpoint-cli/cmd/connector/validate/util.go:109.78,113.21 1 0
github.com/sailpoint-oss/sailpoint-cli/cmd/connector/validate/util.go:113.21,115.3 1 0
github.com/sailpoint-oss/sailpoint-cli/cmd/connector/validate/util.go:118.2,118.48 1 0
github.com/sailpoint-oss/sailpoint-cli/cmd/connector/validate/util.go:118.48,120.3 1 0
github.com/sailpoint-oss/sailpoint-cli/cmd/connector/validate/util.go:123.2,123.51 1 0
github.com/sailpoint-oss/sailpoint-cli/cmd/connector/validate/util.go:123.51,124.62 1 0
github.com/sailpoint-oss/sailpoint-cli/cmd/connector/validate/util.go:124.62,126.4 1 0
github.com/sailpoint-oss/sailpoint-cli/cmd/connector/validate/util.go:128.3,128.63 1 0
github.com/sailpoint-oss/sailpoint-cli/cmd/connector/validate/util.go:128.63,138.4 6 0
github.com/sailpoint-oss/sailpoint-cli/cmd/connector/validate/util.go:142.2,142.37 1 0
github.com/sailpoint-oss/sailpoint-cli/cmd/connector/validate/util.go:147.71,148.21 1 0
github.com/sailpoint-oss/sailpoint-cli/cmd/connector/validate/util.go:148.21,150.3 1 0
github.com/sailpoint-oss/sailpoint-cli/cmd/connector/validate/util.go:151.2,151.18 1 0
github.com/sailpoint-oss/sailpoint-cli/cmd/connector/validate/util.go:155.85,156.20 1 0
github.com/sailpoint-oss/sailpoint-cli/cmd/connector/validate/util.go:157.16,158.70 1 0
github.com/sailpoint-oss/sailpoint-cli/cmd/connector/validate/util.go:158.70,160.4 1 0
github.com/sailpoint-oss/sailpoint-cli/cmd/connector/validate/util.go:160.9,160.47 1 0
github.com/sailpoint-oss/sailpoint-cli/cmd/connector/validate/util.go:160.47,162.4 1 0
github.com/sailpoint-oss/sailpoint-cli/cmd/connector/validate/util.go:162.9,164.4 1 0
github.com/sailpoint-oss/sailpoint-cli/cmd/connector/validate/util.go:165.17,167.37 1 0
github.com/sailpoint-oss/sailpoint-cli/cmd/connector/validate/util.go:167.37,169.4 1 0
github.com/sailpoint-oss/sailpoint-cli/cmd/connector/validate/util.go:170.3,170.42 1 0
github.com/sailpoint-oss/sailpoint-cli/cmd/connector/validate/util.go:170.42,172.4 1 0
github.com/sailpoint-oss/sailpoint-cli/cmd/connector/validate/util.go:173.3,173.52 1 0
github.com/sailpoint-oss/sailpoint-cli/cmd/connector/validate/util.go:173.52,175.4 1 0
github.com/sailpoint-oss/sailpoint-cli/cmd/connector/validate/util.go:176.3,176.46 1 0
github.com/sailpoint-oss/sailpoint-cli/cmd/connector/validate/util.go:176.46,178.4 1 0
github.com/sailpoint-oss/sailpoint-cli/cmd/connector/validate/util.go:179.3,179.14 1 0
github.com/sailpoint-oss/sailpoint-cli/cmd/connector/validate/util.go:180.15,183.37 1 0
github.com/sailpoint-oss/sailpoint-cli/cmd/connector/validate/util.go:183.37,185.4 1 0
github.com/sailpoint-oss/sailpoint-cli/cmd/connector/validate/util.go:186.3,186.13 1 0
github.com/sailpoint-oss/sailpoint-cli/cmd/connector/validate/util.go:187.10,188.53 1 0
github.com/sailpoint-oss/sailpoint-cli/cmd/connector/validate/util.go:193.112,197.22 2 0
github.com/sailpoint-oss/sailpoint-cli/cmd/connector/validate/util.go:198.21,199.37 1 0
github.com/sailpoint-oss/sailpoint-cli/cmd/connector/validate/util.go:199.37,201.4 1 0
github.com/sailpoint-oss/sailpoint-cli/cmd/connector/validate/util.go:201.9,203.4 1 0
github.com/sailpoint-oss/sailpoint-cli/cmd/connector/validate/util.go:204.3,204.17 1 0
github.com/sailpoint-oss/sailpoint-cli/cmd/connector/validate/util.go:207.2,207.30 1 0
github.com/sailpoint-oss/sailpoint-cli/cmd/connector/validate/util.go:207.30,209.3 1 0
github.com/sailpoint-oss/sailpoint-cli/cmd/connector/validate/util.go:211.2,211.22 1 0
github.com/sailpoint-oss/sailpoint-cli/cmd/connector/validate/util.go:212.14,213.28 1 0
github.com/sailpoint-oss/sailpoint-cli/cmd/connector/validate/util.go:213.28,215.18 2 0
github.com/sailpoint-oss/sailpoint-cli/cmd/connector/validate/util.go:215.18,217.5 1 0
github.com/sailpoint-oss/sailpoint-cli/cmd/connector/validate/util.go:219.3,219.56 1 0
github.com/sailpoint-oss/sailpoint-cli/cmd/connector/validate/util.go:219.56,221.4 1 0
github.com/sailpoint-oss/sailpoint-cli/cmd/connector/validate/util.go:222.12,223.32 1 0
github.com/sailpoint-oss/sailpoint-cli/cmd/connector/validate/util.go:223.32,225.4 1 0
github.com/sailpoint-oss/sailpoint-cli/cmd/connector/validate/util.go:226.15,227.28 1 0
github.com/sailpoint-oss/sailpoint-cli/cmd/connector/validate/util.go:227.28,229.4 1 0
github.com/sailpoint-oss/sailpoint-cli/cmd/connector/validate/util.go:230.11,230.11 0 0
github.com/sailpoint-oss/sailpoint-cli/cmd/connector/validate/util.go:232.10,233.54 1 0
github.com/sailpoint-oss/sailpoint-cli/cmd/connector/validate/util.go:239.111,241.20 2 0
github.com/sailpoint-oss/sailpoint-cli/cmd/connector/validate/util.go:242.12,243.13 1 0
github.com/sailpoint-oss/sailpoint-cli/cmd/connector/validate/util.go:244.13,245.13 1 0
github.com/sailpoint-oss/sailpoint-cli/cmd/connector/validate/util.go:248.2,249.19 2 0
github.com/sailpoint-oss/sailpoint-cli/cmd/connector/validate/util.go:250.16,251.27 1 0
github.com/sailpoint-oss/sailpoint-cli/cmd/connector/validate/util.go:251.27,253.4 1 0
github.com/sailpoint-oss/sailpoint-cli/cmd/connector/validate/util.go:253.9,255.4 1 0
github.com/sailpoint-oss/sailpoint-cli/cmd/connector/validate/util.go:256.13,257.58 1 0
github.com/sailpoint-oss/sailpoint-cli/cmd/connector/validate/util.go:257.58,259.4 1 0
github.com/sailpoint-oss/sailpoint-cli/cmd/connector/validate/util.go:259.9,261.4 1 0
github.com/sailpoint-oss/sailpoint-cli/cmd/connector/validate/util.go:262.17,264.58 1 0
github.com/sailpoint-oss/sailpoint-cli/cmd/connector/validate/util.go:264.58,266.4 1 0
github.com/sailpoint-oss/sailpoint-cli/cmd/connector/validate/util.go:266.9,268.4 1 0
github.com/sailpoint-oss/sailpoint-cli/cmd/connector/validate/util.go:271.2,275.3 1 0
github.com/sailpoint-oss/sailpoint-cli/cmd/connector/validate/util.go:278.79,281.35 2 0
github.com/sailpoint-oss/sailpoint-cli/cmd/connector/validate/util.go:281.35,282.42 1 0
[...]
github.com/sailpoint-oss/sailpoint-cli/internal/spconfig/spconfig.go:22.48,23.260 1 0
github.com/sailpoint-oss/sailpoint-cli/internal/spconfig/spconfig.go:24.48,25.221 1 0
github.com/sailpoint-oss/sailpoint-cli/internal/spconfig/spconfig.go:29.108,31.6 1 0
github.com/sailpoint-oss/sailpoint-cli/internal/spconfig/spconfig.go:31.6,33.17 2 0
github.com/sailpoint-oss/sailpoint-cli/internal/spconfig/spconfig.go:33.17,35.4 1 0
github.com/sailpoint-oss/sailpoint-cli/internal/spconfig/spconfig.go:36.3,36.75 1 0
github.com/sailpoint-oss/sailpoint-cli/internal/spconfig/spconfig.go:36.75,39.4 2 0
github.com/sailpoint-oss/sailpoint-cli/internal/spconfig/spconfig.go:39.9,40.27 1 0
github.com/sailpoint-oss/sailpoint-cli/internal/spconfig/spconfig.go:41.20,44.19 3 0
github.com/sailpoint-oss/sailpoint-cli/internal/spconfig/spconfig.go:44.19,46.6 1 0
github.com/sailpoint-oss/sailpoint-cli/internal/spconfig/spconfig.go:47.5,49.19 3 0
github.com/sailpoint-oss/sailpoint-cli/internal/spconfig/spconfig.go:49.19,51.6 1 0
github.com/sailpoint-oss/sailpoint-cli/internal/spconfig/spconfig.go:52.21,53.47 1 0
github.com/sailpoint-oss/sailpoint-cli/internal/spconfig/spconfig.go:54.18,55.44 1 0
github.com/sailpoint-oss/sailpoint-cli/internal/spconfig/spconfig.go:57.4,57.9 1 0
github.com/sailpoint-oss/sailpoint-cli/internal/spconfig/spconfig.go:61.2,61.12 1 0
github.com/sailpoint-oss/sailpoint-cli/internal/spconfig/spconfig.go:64.108,66.6 1 0
github.com/sailpoint-oss/sailpoint-cli/internal/spconfig/spconfig.go:66.6,68.17 2 0
github.com/sailpoint-oss/sailpoint-cli/internal/spconfig/spconfig.go:68.17,70.4 1 0
github.com/sailpoint-oss/sailpoint-cli/internal/spconfig/spconfig.go:71.3,71.75 1 0
github.com/sailpoint-oss/sailpoint-cli/internal/spconfig/spconfig.go:71.75,74.4 2 0
github.com/sailpoint-oss/sailpoint-cli/internal/spconfig/spconfig.go:74.9,75.27 1 0
github.com/sailpoint-oss/sailpoint-cli/internal/spconfig/spconfig.go:76.20,79.19 3 0
github.com/sailpoint-oss/sailpoint-cli/internal/spconfig/spconfig.go:79.19,81.6 1 0
github.com/sailpoint-oss/sailpoint-cli/internal/spconfig/spconfig.go:82.5,84.19 3 0
github.com/sailpoint-oss/sailpoint-cli/internal/spconfig/spconfig.go:84.19,86.6 1 0
github.com/sailpoint-oss/sailpoint-cli/internal/spconfig/spconfig.go:87.21,88.47 1 0
github.com/sailpoint-oss/sailpoint-cli/internal/spconfig/spconfig.go:89.18,90.44 1 0
github.com/sailpoint-oss/sailpoint-cli/internal/spconfig/spconfig.go:92.4,92.9 1 0
github.com/sailpoint-oss/sailpoint-cli/internal/spconfig/spconfig.go:96.2,96.12 1 0
github.com/sailpoint-oss/sailpoint-cli/internal/templates/templates.go:15.53,20.16 5 0
github.com/sailpoint-oss/sailpoint-cli/internal/templates/templates.go:20.16,22.3 1 0
github.com/sailpoint-oss/sailpoint-cli/internal/templates/templates.go:24.2,27.27 3 0
github.com/sailpoint-oss/sailpoint-cli/internal/templates/templates.go:27.27,29.3 1 0
github.com/sailpoint-oss/sailpoint-cli/internal/templates/templates.go:31.2,32.30 2 0
github.com/sailpoint-oss/sailpoint-cli/internal/templates/templates.go:32.30,34.3 1 0
github.com/sailpoint-oss/sailpoint-cli/internal/templates/templates.go:36.2,36.42 1 0
github.com/sailpoint-oss/sailpoint-cli/internal/templates/templates.go:36.42,40.17 3 0
github.com/sailpoint-oss/sailpoint-cli/internal/templates/templates.go:40.17,44.4 1 0
github.com/sailpoint-oss/sailpoint-cli/internal/templates/templates.go:44.9,47.18 2 0
github.com/sailpoint-oss/sailpoint-cli/internal/templates/templates.go:47.18,49.5 1 0
github.com/sailpoint-oss/sailpoint-cli/internal/templates/templates.go:51.4,52.18 2 0
github.com/sailpoint-oss/sailpoint-cli/internal/templates/templates.go:52.18,55.5 2 0
github.com/sailpoint-oss/sailpoint-cli/internal/templates/templates.go:57.4,57.59 1 0
github.com/sailpoint-oss/sailpoint-cli/internal/templates/templates.go:61.2,62.16 2 0
github.com/sailpoint-oss/sailpoint-cli/internal/templates/templates.go:62.16,65.3 2 0
github.com/sailpoint-oss/sailpoint-cli/internal/templates/templates.go:67.2,69.44 2 0
github.com/sailpoint-oss/sailpoint-cli/internal/templates/templates.go:69.44,71.31 2 0
github.com/sailpoint-oss/sailpoint-cli/internal/templates/templates.go:71.31,73.18 2 0
github.com/sailpoint-oss/sailpoint-cli/internal/templates/templates.go:73.18,75.5 1 0
github.com/sailpoint-oss/sailpoint-cli/internal/templates/templates.go:78.2,78.29 1 0
github.com/sailpoint-oss/sailpoint-cli/internal/templates/templates.go:81.53,85.16 4 0
github.com/sailpoint-oss/sailpoint-cli/internal/templates/templates.go:85.16,87.3 1 0
github.com/sailpoint-oss/sailpoint-cli/internal/templates/templates.go:89.2,92.27 3 0
github.com/sailpoint-oss/sailpoint-cli/internal/templates/templates.go:92.27,94.3 1 0
github.com/sailpoint-oss/sailpoint-cli/internal/templates/templates.go:96.2,97.30 2 0
github.com/sailpoint-oss/sailpoint-cli/internal/templates/templates.go:97.30,99.3 1 0
github.com/sailpoint-oss/sailpoint-cli/internal/templates/templates.go:101.2,101.28 1 0
github.com/sailpoint-oss/sailpoint-cli/internal/templates/templates.go:101.28,102.43 1 0
github.com/sailpoint-oss/sailpoint-cli/internal/templates/templates.go:102.43,106.18 3 0
github.com/sailpoint-oss/sailpoint-cli/internal/templates/templates.go:106.18,110.5 1 0
github.com/sailpoint-oss/sailpoint-cli/internal/templates/templates.go:110.10,113.19 2 0
github.com/sailpoint-oss/sailpoint-cli/internal/templates/templates.go:113.19,115.6 1 0
github.com/sailpoint-oss/sailpoint-cli/internal/templates/templates.go:117.5,118.19 2 0
github.com/sailpoint-oss/sailpoint-cli/internal/templates/templates.go:118.19,121.6 2 0
github.com/sailpoint-oss/sailpoint-cli/internal/templates/templates.go:123.5,123.60 1 0
github.com/sailpoint-oss/sailpoint-cli/internal/templates/templates.go:127.3,128.17 2 0
github.com/sailpoint-oss/sailpoint-cli/internal/templates/templates.go:128.17,131.4 2 0
github.com/sailpoint-oss/sailpoint-cli/internal/templates/templates.go:133.3,135.31 2 0
github.com/sailpoint-oss/sailpoint-cli/internal/templates/templates.go:135.31,136.46 1 0
github.com/sailpoint-oss/sailpoint-cli/internal/templates/templates.go:136.46,138.33 2 0
github.com/sailpoint-oss/sailpoint-cli/internal/templates/templates.go:138.33,140.20 2 0
github.com/sailpoint-oss/sailpoint-cli/internal/templates/templates.go:140.20,142.7 1 0
github.com/sailpoint-oss/sailpoint-cli/internal/templates/templates.go:148.2,148.29 1 0
github.com/sailpoint-oss/sailpoint-cli/internal/templates/templates.go:152.53,157.16 5 0
github.com/sailpoint-oss/sailpoint-cli/internal/templates/templates.go:157.16,159.3 1 0
github.com/sailpoint-oss/sailpoint-cli/internal/templates/templates.go:161.2,164.27 3 0
github.com/sailpoint-oss/sailpoint-cli/internal/templates/templates.go:164.27,166.3 1 0
github.com/sailpoint-oss/sailpoint-cli/internal/templates/templates.go:168.2,169.30 2 0
github.com/sailpoint-oss/sailpoint-cli/internal/templates/templates.go:169.30,171.3 1 0
github.com/sailpoint-oss/sailpoint-cli/internal/templates/templates.go:173.2,173.42 1 0
github.com/sailpoint-oss/sailpoint-cli/internal/templates/templates.go:173.42,177.17 3 0
github.com/sailpoint-oss/sailpoint-cli/internal/templates/templates.go:177.17,181.4 1 0
github.com/sailpoint-oss/sailpoint-cli/internal/templates/templates.go:181.9,184.18 2 0
github.com/sailpoint-oss/sailpoint-cli/internal/templates/templates.go:184.18,186.5 1 0
github.com/sailpoint-oss/sailpoint-cli/internal/templates/templates.go:188.4,189.18 2 0
github.com/sailpoint-oss/sailpoint-cli/internal/templates/templates.go:189.18,192.5 2 0
github.com/sailpoint-oss/sailpoint-cli/internal/templates/templates.go:194.4,194.59 1 0
github.com/sailpoint-oss/sailpoint-cli/internal/templates/templates.go:198.2,199.16 2 0
github.com/sailpoint-oss/sailpoint-cli/internal/templates/templates.go:199.16,202.3 2 0
github.com/sailpoint-oss/sailpoint-cli/internal/templates/templates.go:204.2,206.44 2 0
github.com/sailpoint-oss/sailpoint-cli/internal/templates/templates.go:206.44,208.31 2 0
github.com/sailpoint-oss/sailpoint-cli/internal/templates/templates.go:208.31,210.18 2 0
github.com/sailpoint-oss/sailpoint-cli/internal/templates/templates.go:210.18,212.5 1 0
github.com/sailpoint-oss/sailpoint-cli/internal/templates/templates.go:215.2,215.29 1 0
github.com/sailpoint-oss/sailpoint-cli/internal/templates/templates.go:218.64,220.38 2 0
github.com/sailpoint-oss/sailpoint-cli/internal/templates/templates.go:220.38,224.34 3 0
github.com/sailpoint-oss/sailpoint-cli/internal/templates/templates.go:224.34,226.4 1 0
github.com/sailpoint-oss/sailpoint-cli/internal/templates/templates.go:226.9,228.4 1 0
github.com/sailpoint-oss/sailpoint-cli/internal/templates/templates.go:229.3,229.89 1 0
github.com/sailpoint-oss/sailpoint-cli/internal/templates/templates.go:232.2,233.16 2 0
github.com/sailpoint-oss/sailpoint-cli/internal/templates/templates.go:233.16,235.3 1 0
github.com/sailpoint-oss/sailpoint-cli/internal/templates/templates.go:236.2,236.32 1 0
github.com/sailpoint-oss/sailpoint-cli/internal/templates/types.go:27.49,29.2 1 0
github.com/sailpoint-oss/sailpoint-cli/internal/templates/types.go:31.56,33.2 1 0
github.com/sailpoint-oss/sailpoint-cli/internal/templates/types.go:35.55,37.2 1 0
github.com/sailpoint-oss/sailpoint-cli/internal/templates/types.go:47.49,49.2 1 0
github.com/sailpoint-oss/sailpoint-cli/internal/templates/types.go:51.56,53.2 1 0
github.com/sailpoint-oss/sailpoint-cli/internal/templates/types.go:55.55,57.2 1 0
github.com/sailpoint-oss/sailpoint-cli/internal/templates/types.go:73.49,75.2 1 0
github.com/sailpoint-oss/sailpoint-cli/internal/templates/types.go:77.56,79.2 1 0
github.com/sailpoint-oss/sailpoint-cli/internal/templates/types.go:81.55,83.2 1 0
github.com/sailpoint-oss/sailpoint-cli/internal/terminal/terminal.go:21.65,24.16 3 0
github.com/sailpoint-oss/sailpoint-cli/internal/terminal/terminal.go:24.16,26.3 1 0
github.com/sailpoint-oss/sailpoint-cli/internal/terminal/terminal.go:27.2,28.53 2 0
github.com/sailpoint-oss/sailpoint-cli/internal/terminal/terminal.go:32.55,35.16 3 0
github.com/sailpoint-oss/sailpoint-cli/internal/terminal/terminal.go:35.16,37.3 1 0
github.com/sailpoint-oss/sailpoint-cli/internal/terminal/terminal.go:38.2,39.53 2 0
github.com/sailpoint-oss/sailpoint-cli/internal/terminal/terminal.go:43.39,46.6 3 0
github.com/sailpoint-oss/sailpoint-cli/internal/terminal/terminal.go:46.6,49.14 3 0
github.com/sailpoint-oss/sailpoint-cli/internal/terminal/terminal.go:49.14,50.9 1 0
github.com/sailpoint-oss/sailpoint-cli/internal/terminal/terminal.go:53.2,53.29 1 0
github.com/sailpoint-oss/sailpoint-cli/internal/tui/tui.go:27.40,27.58 1 0
github.com/sailpoint-oss/sailpoint-cli/internal/tui/tui.go:28.40,28.64 1 0
github.com/sailpoint-oss/sailpoint-cli/internal/tui/tui.go:29.40,29.58 1 0
github.com/sailpoint-oss/sailpoint-cli/internal/tui/tui.go:36.31,38.2 1 0
github.com/sailpoint-oss/sailpoint-cli/internal/tui/tui.go:40.57,41.27 1 0
github.com/sailpoint-oss/sailpoint-cli/internal/tui/tui.go:42.18,43.45 1 0
github.com/sailpoint-oss/sailpoint-cli/internal/tui/tui.go:44.17,46.22 2 0
github.com/sailpoint-oss/sailpoint-cli/internal/tui/tui.go:48.16,50.10 2 0
github.com/sailpoint-oss/sailpoint-cli/internal/tui/tui.go:50.10,52.5 1 0
github.com/sailpoint-oss/sailpoint-cli/internal/tui/tui.go:53.4,53.22 1 0
github.com/sailpoint-oss/sailpoint-cli/internal/tui/tui.go:56.25,58.44 2 0
github.com/sailpoint-oss/sailpoint-cli/internal/tui/tui.go:61.2,63.15 3 0
github.com/sailpoint-oss/sailpoint-cli/internal/tui/tui.go:66.30,68.2 1 0
github.com/sailpoint-oss/sailpoint-cli/internal/tui/tui.go:70.36,71.24 1 0
github.com/sailpoint-oss/sailpoint-cli/internal/tui/tui.go:71.24,73.3 1 0
github.com/sailpoint-oss/sailpoint-cli/internal/tui/tui.go:73.8,75.3 1 0
github.com/sailpoint-oss/sailpoint-cli/internal/tui/tui.go:78.65,81.36 2 0
github.com/sailpoint-oss/sailpoint-cli/internal/tui/tui.go:81.36,84.3 2 0
github.com/sailpoint-oss/sailpoint-cli/internal/tui/tui.go:86.2,92.35 4 0
github.com/sailpoint-oss/sailpoint-cli/internal/tui/tui.go:92.35,94.3 1 0
github.com/sailpoint-oss/sailpoint-cli/internal/tui/tui.go:96.2,98.89 2 0
github.com/sailpoint-oss/sailpoint-cli/internal/types/types.go:6.57,7.23 1 0
github.com/sailpoint-oss/sailpoint-cli/internal/types/types.go:7.23,8.14 1 0
github.com/sailpoint-oss/sailpoint-cli/internal/types/types.go:8.14,10.4 1 0
github.com/sailpoint-oss/sailpoint-cli/internal/types/types.go:12.2,12.8 1 0
github.com/sailpoint-oss/sailpoint-cli/internal/util/exec.go:14.52,19.2 3 0
github.com/sailpoint-oss/sailpoint-cli/internal/util/url.go:9.67,11.16 2 0
github.com/sailpoint-oss/sailpoint-cli/internal/util/url.go:11.16,13.3 1 0
github.com/sailpoint-oss/sailpoint-cli/internal/util/url.go:14.2,15.19 2 0
github.com/sailpoint-oss/sailpoint-cli/internal/util/util.go:19.13,25.16 3 1
github.com/sailpoint-oss/sailpoint-cli/internal/util/util.go:25.16,26.13 1 0
github.com/sailpoint-oss/sailpoint-cli/internal/util/util.go:31.40,33.16 2 0
github.com/sailpoint-oss/sailpoint-cli/internal/util/util.go:33.16,35.3 1 0
github.com/sailpoint-oss/sailpoint-cli/internal/util/util.go:36.2,36.20 1 0
github.com/sailpoint-oss/sailpoint-cli/internal/util/util.go:39.47,41.2 1 0
github.com/sailpoint-oss/sailpoint-cli/internal/util/util.go:43.45,45.16 2 108
github.com/sailpoint-oss/sailpoint-cli/internal/util/util.go:45.16,46.13 1 0
github.com/sailpoint-oss/sailpoint-cli/internal/util/util.go:49.2,49.12 1 108
github.com/sailpoint-oss/sailpoint-cli/internal/util/util.go:57.34,59.16 2 54
github.com/sailpoint-oss/sailpoint-cli/internal/util/util.go:59.16,60.13 1 0
github.com/sailpoint-oss/sailpoint-cli/internal/util/util.go:63.2,66.30 3 54
github.com/sailpoint-oss/sailpoint-cli/internal/util/util.go:66.30,67.34 1 108
github.com/sailpoint-oss/sailpoint-cli/internal/util/util.go:68.15,69.41 1 54
github.com/sailpoint-oss/sailpoint-cli/internal/util/util.go:70.18,71.44 1 54
github.com/sailpoint-oss/sailpoint-cli/internal/util/util.go:75.2,75.16 1 54
github.com/sailpoint-oss/sailpoint-cli/internal/util/util.go:79.52,81.25 2 0
github.com/sailpoint-oss/sailpoint-cli/internal/util/util.go:81.25,83.6 1 0
github.com/sailpoint-oss/sailpoint-cli/internal/util/util.go:84.5,85.23 2 0
github.com/sailpoint-oss/sailpoint-cli/internal/util/util.go:85.23,87.6 1 0
github.com/sailpoint-oss/sailpoint-cli/internal/util/util.go:88.5,88.71 1 0
github.com/sailpoint-oss/sailpoint-cli/internal/util/util.go:91.75,94.53 2 0
github.com/sailpoint-oss/sailpoint-cli/internal/util/util.go:94.53,97.3 2 0
github.com/sailpoint-oss/sailpoint-cli/internal/util/util.go:97.8,98.13 1 0
github.com/sailpoint-oss/sailpoint-cli/internal/util/util.go:98.13,101.4 1 0
github.com/sailpoint-oss/sailpoint-cli/internal/util/util.go:101.9,103.4 1 0
github.com/sailpoint-oss/sailpoint-cli/internal/util/util.go:105.3,109.38 3 0
github.com/sailpoint-oss/sailpoint-cli/internal/util/util.go:109.38,111.4 1 0
github.com/sailpoint-oss/sailpoint-cli/internal/util/util.go:111.9,111.20 1 0
github.com/sailpoint-oss/sailpoint-cli/internal/util/util.go:111.20,113.4 1 0
github.com/sailpoint-oss/sailpoint-cli/internal/util/util.go:113.9,115.4 1 0
github.com/sailpoint-oss/sailpoint-cli/internal/util/util.go:117.3,117.14 1 0
github.com/sailpoint-oss/sailpoint-cli/internal/util/util.go:117.14,118.35 1 0
github.com/sailpoint-oss/sailpoint-cli/internal/util/util.go:118.35,121.5 2 0
github.com/sailpoint-oss/sailpoint-cli/internal/util/util.go:124.3,124.19 1 0
github.com/sailpoint-oss/sailpoint-cli/internal/util/util.go:124.19,126.4 1 0
github.com/sailpoint-oss/sailpoint-cli/internal/util/util.go:128.3,137.29 7 0
github.com/sailpoint-oss/sailpoint-cli/internal/util/util.go:137.29,139.4 1 0
github.com/sailpoint-oss/sailpoint-cli/internal/util/util.go:141.3,141.27 1 0
github.com/sailpoint-oss/sailpoint-cli/internal/util/util.go:141.27,143.4 1 0
github.com/sailpoint-oss/sailpoint-cli/internal/util/util.go:145.3,145.24 1 0
github.com/sailpoint-oss/sailpoint-cli/internal/util/util.go:145.24,148.18 2 0
github.com/sailpoint-oss/sailpoint-cli/internal/util/util.go:148.18,150.5 1 0
github.com/sailpoint-oss/sailpoint-cli/internal/util/util.go:152.4,153.18 2 0
github.com/sailpoint-oss/sailpoint-cli/internal/util/util.go:153.18,155.5 1 0
github.com/sailpoint-oss/sailpoint-cli/internal/util/util.go:157.4,157.29 1 0
github.com/sailpoint-oss/sailpoint-cli/internal/util/util.go:157.29,159.5 1 0
github.com/sailpoint-oss/sailpoint-cli/internal/util/util.go:159.10,161.5 1 0
github.com/sailpoint-oss/sailpoint-cli/internal/util/util.go:163.4,164.18 2 0
github.com/sailpoint-oss/sailpoint-cli/internal/util/util.go:164.18,166.5 1 0
github.com/sailpoint-oss/sailpoint-cli/internal/util/util.go:168.4,169.18 2 0
github.com/sailpoint-oss/sailpoint-cli/internal/util/util.go:169.18,171.5 1 0
github.com/sailpoint-oss/sailpoint-cli/internal/util/util.go:173.4,176.35 4 0
github.com/sailpoint-oss/sailpoint-cli/internal/util/util.go:179.3,179.26 1 0
github.com/sailpoint-oss/sailpoint-cli/internal/util/util.go:179.26,181.29 1 0
github.com/sailpoint-oss/sailpoint-cli/internal/util/util.go:181.29,183.5 1 0
github.com/sailpoint-oss/sailpoint-cli/internal/util/util.go:183.10,185.5 1 0
github.com/sailpoint-oss/sailpoint-cli/internal/util/util.go:187.4,190.25 4 0
github.com/sailpoint-oss/sailpoint-cli/internal/util/util.go:193.3,196.24 3 0
github.com/sailpoint-oss/sailpoint-cli/internal/util/util.go:196.24,198.4 1 0
github.com/sailpoint-oss/sailpoint-cli/internal/util/util.go:200.2,200.12 1 0
github.com/sailpoint-oss/sailpoint-cli/internal/va/va.go:21.73,31.20 3 0
github.com/sailpoint-oss/sailpoint-cli/internal/va/va.go:31.20,33.3 1 0
github.com/sailpoint-oss/sailpoint-cli/internal/va/va.go:36.2,37.23 2 0
github.com/sailpoint-oss/sailpoint-cli/internal/va/va.go:37.23,39.3 1 0
github.com/sailpoint-oss/sailpoint-cli/internal/va/va.go:40.2,50.19 5 0
github.com/sailpoint-oss/sailpoint-cli/internal/va/va.go:50.19,52.3 1 0
github.com/sailpoint-oss/sailpoint-cli/internal/va/va.go:55.2,55.24 1 0
github.com/sailpoint-oss/sailpoint-cli/internal/va/va.go:58.67,68.20 3 0
github.com/sailpoint-oss/sailpoint-cli/internal/va/va.go:68.20,70.3 1 0
github.com/sailpoint-oss/sailpoint-cli/internal/va/va.go:73.2,74.23 2 0
github.com/sailpoint-oss/sailpoint-cli/internal/va/va.go:74.23,76.3 1 0
github.com/sailpoint-oss/sailpoint-cli/internal/va/va.go:77.2,84.19 4 0
github.com/sailpoint-oss/sailpoint-cli/internal/va/va.go:84.19,86.3 1 0
github.com/sailpoint-oss/sailpoint-cli/internal/va/va.go:89.2,89.12 1 0
github.com/sailpoint-oss/sailpoint-cli/internal/va/va.go:92.109,107.16 5 0
github.com/sailpoint-oss/sailpoint-cli/internal/va/va.go:107.16,109.3 1 0
github.com/sailpoint-oss/sailpoint-cli/internal/va/va.go:110.2,113.16 3 0
github.com/sailpoint-oss/sailpoint-cli/internal/va/va.go:113.16,115.3 1 0
github.com/sailpoint-oss/sailpoint-cli/internal/va/va.go:116.2,119.33 3 0
github.com/sailpoint-oss/sailpoint-cli/internal/va/va.go:119.33,121.28 2 0
github.com/sailpoint-oss/sailpoint-cli/internal/va/va.go:121.28,125.18 3 0
github.com/sailpoint-oss/sailpoint-cli/internal/va/va.go:125.18,128.5 2 0
github.com/sailpoint-oss/sailpoint-cli/internal/va/va.go:132.2,134.12 2 0
github.com/sailpoint-oss/sailpoint-cli/internal/va/va.go:137.101,142.69 3 0
github.com/sailpoint-oss/sailpoint-cli/internal/va/va.go:142.69,144.17 2 0
github.com/sailpoint-oss/sailpoint-cli/internal/va/va.go:144.17,146.4 1 0
github.com/sailpoint-oss/sailpoint-cli/internal/va/va.go:148.2,149.20 2 0
github.com/sailpoint-oss/sailpoint-cli/internal/va/va.go:149.20,151.3 1 0
github.com/sailpoint-oss/sailpoint-cli/internal/va/va.go:153.2,167.16 4 0
github.com/sailpoint-oss/sailpoint-cli/internal/va/va.go:167.16,169.3 1 0
github.com/sailpoint-oss/sailpoint-cli/internal/va/va.go:170.2,173.16 3 0
github.com/sailpoint-oss/sailpoint-cli/internal/va/va.go:173.16,175.3 1 0
github.com/sailpoint-oss/sailpoint-cli/internal/va/va.go:176.2,183.16 6 0
github.com/sailpoint-oss/sailpoint-cli/internal/va/va.go:183.16,185.3 1 0
github.com/sailpoint-oss/sailpoint-cli/internal/va/va.go:187.2,187.12 1 0
